mode: atomic
github.com/loykin/freader/freader.go:32.36,32.65 1 0
github.com/loykin/freader/freader.go:35.53,35.100 1 0
github.com/loykin/freader/freader.go:49.51,51.2 1 0
github.com/loykin/freader/freader.go:56.53,58.2 1 0
github.com/loykin/freader/freader.go:62.54,63.71 1 0
github.com/loykin/freader/freader.go:63.71,65.3 1 0
github.com/loykin/freader/freader.go:66.2,67.16 2 0
github.com/loykin/freader/freader.go:67.16,69.3 1 0
github.com/loykin/freader/freader.go:70.2,70.22 1 0
github.com/loykin/freader/cmd/freader/metrics/metrics.go:72.46,76.31 2 0
github.com/loykin/freader/cmd/freader/metrics/metrics.go:76.31,77.39 1 0
github.com/loykin/freader/cmd/freader/metrics/metrics.go:77.39,79.32 2 0
github.com/loykin/freader/cmd/freader/metrics/metrics.go:79.32,80.13 1 0
github.com/loykin/freader/cmd/freader/metrics/metrics.go:82.4,82.14 1 0
github.com/loykin/freader/cmd/freader/metrics/metrics.go:85.2,85.12 1 0
github.com/loykin/freader/cmd/freader/metrics/metrics.go:89.32,90.16 1 0
github.com/loykin/freader/cmd/freader/metrics/metrics.go:90.16,92.3 1 0
github.com/loykin/freader/cmd/freader/metrics/metrics.go:93.2,93.43 1 0
github.com/loykin/freader/cmd/freader/metrics/metrics.go:97.39,98.16 1 0
github.com/loykin/freader/cmd/freader/metrics/metrics.go:98.16,100.3 1 0
github.com/loykin/freader/cmd/freader/metrics/metrics.go:101.2,101.18 1 0
github.com/loykin/freader/cmd/freader/metrics/metrics.go:101.18,103.3 1 0
github.com/loykin/freader/cmd/freader/metrics/metrics.go:104.2,104.50 1 0
github.com/loykin/freader/cmd/freader/metrics/metrics.go:108.79,109.16 1 0
github.com/loykin/freader/cmd/freader/metrics/metrics.go:109.16,111.3 1 0
github.com/loykin/freader/cmd/freader/metrics/metrics.go:112.2,112.14 1 0
github.com/loykin/freader/cmd/freader/metrics/metrics.go:112.14,115.3 2 0
github.com/loykin/freader/cmd/freader/metrics/metrics.go:116.2,117.14 2 0
github.com/loykin/freader/cmd/freader/metrics/metrics.go:117.14,119.3 1 0
github.com/loykin/freader/cmd/freader/config.go:49.58,56.50 5 0
github.com/loykin/freader/cmd/freader/config.go:56.50,58.3 1 0
github.com/loykin/freader/cmd/freader/config.go:61.2,61.24 1 0
github.com/loykin/freader/cmd/freader/config.go:61.24,64.3 1 0
github.com/loykin/freader/cmd/freader/config.go:65.2,65.24 1 0
github.com/loykin/freader/cmd/freader/config.go:65.24,67.42 2 0
github.com/loykin/freader/cmd/freader/config.go:67.42,69.4 1 0
github.com/loykin/freader/cmd/freader/config.go:73.2,73.39 1 0
github.com/loykin/freader/cmd/freader/config.go:73.39,75.3 1 0
github.com/loykin/freader/cmd/freader/config.go:76.2,76.12 1 0
github.com/loykin/freader/cmd/freader/config.go:80.30,103.2 9 0
github.com/loykin/freader/cmd/freader/config.go:106.49,132.2 12 0
github.com/loykin/freader/cmd/freader/config.go:135.35,137.21 1 0
github.com/loykin/freader/cmd/freader/config.go:138.57,138.57 0 0
github.com/loykin/freader/cmd/freader/config.go:140.10,141.58 1 0
github.com/loykin/freader/cmd/freader/config.go:143.2,143.23 1 0
github.com/loykin/freader/cmd/freader/config.go:143.23,144.28 1 0
github.com/loykin/freader/cmd/freader/config.go:144.28,146.4 1 0
github.com/loykin/freader/cmd/freader/config.go:147.3,147.32 1 0
github.com/loykin/freader/cmd/freader/config.go:147.32,149.4 1 0
github.com/loykin/freader/cmd/freader/config.go:151.3,151.22 1 0
github.com/loykin/freader/cmd/freader/config.go:152.18,153.52 1 0
github.com/loykin/freader/cmd/freader/config.go:153.52,155.5 1 0
github.com/loykin/freader/cmd/freader/config.go:156.15,157.49 1 0
github.com/loykin/freader/cmd/freader/config.go:157.49,159.5 1 0
github.com/loykin/freader/cmd/freader/config.go:160.21,161.55 1 0
github.com/loykin/freader/cmd/freader/config.go:161.55,163.5 1 0
github.com/loykin/freader/cmd/freader/config.go:164.21,165.55 1 0
github.com/loykin/freader/cmd/freader/config.go:165.55,167.5 1 0
github.com/loykin/freader/cmd/freader/config.go:172.2,172.52 1 0
github.com/loykin/freader/cmd/freader/config.go:172.52,174.3 1 0
github.com/loykin/freader/cmd/freader/config.go:177.2,177.47 1 0
github.com/loykin/freader/cmd/freader/config.go:177.47,179.3 1 0
github.com/loykin/freader/cmd/freader/config.go:181.2,181.12 1 0
github.com/loykin/freader/cmd/freader/main.go:17.13,46.58 2 0
github.com/loykin/freader/cmd/freader/main.go:46.58,48.52 1 0
github.com/loykin/freader/cmd/freader/main.go:48.52,50.5 1 0
github.com/loykin/freader/cmd/freader/main.go:51.4,51.28 1 0
github.com/loykin/freader/cmd/freader/main.go:53.55,55.4 1 0
github.com/loykin/freader/cmd/freader/main.go:59.2,61.42 2 0
github.com/loykin/freader/cmd/freader/main.go:61.42,64.3 2 0
github.com/loykin/freader/cmd/freader/main.go:67.41,69.33 1 0
github.com/loykin/freader/cmd/freader/main.go:69.33,69.47 1 0
github.com/loykin/freader/cmd/freader/main.go:70.2,70.30 1 0
github.com/loykin/freader/cmd/freader/main.go:70.30,72.79 1 0
github.com/loykin/freader/cmd/freader/main.go:72.79,74.4 1 0
github.com/loykin/freader/cmd/freader/main.go:75.3,75.75 1 0
github.com/loykin/freader/cmd/freader/main.go:75.75,77.4 1 0
github.com/loykin/freader/cmd/freader/main.go:78.3,79.17 2 0
github.com/loykin/freader/cmd/freader/main.go:79.17,81.4 1 0
github.com/loykin/freader/cmd/freader/main.go:82.3,82.23 1 0
github.com/loykin/freader/cmd/freader/main.go:86.2,87.16 2 0
github.com/loykin/freader/cmd/freader/main.go:87.16,89.3 1 0
github.com/loykin/freader/cmd/freader/main.go:90.2,90.17 1 0
github.com/loykin/freader/cmd/freader/main.go:90.17,91.16 1 0
github.com/loykin/freader/cmd/freader/main.go:91.16,91.35 1 0
github.com/loykin/freader/cmd/freader/main.go:95.2,96.37 2 0
github.com/loykin/freader/cmd/freader/main.go:96.37,97.18 1 0
github.com/loykin/freader/cmd/freader/main.go:97.18,102.4 2 0
github.com/loykin/freader/cmd/freader/main.go:104.3,104.20 1 0
github.com/loykin/freader/cmd/freader/main.go:108.2,109.16 2 0
github.com/loykin/freader/cmd/freader/main.go:109.16,112.3 2 0
github.com/loykin/freader/cmd/freader/main.go:115.2,129.12 9 0
github.com/loykin/freader/cmd/freader/sink.go:18.43,19.23 1 0
github.com/loykin/freader/cmd/freader/sink.go:20.10,21.18 1 0
github.com/loykin/freader/cmd/freader/sink.go:22.17,24.114 2 0
github.com/loykin/freader/cmd/freader/sink.go:25.14,33.17 2 0
github.com/loykin/freader/cmd/freader/sink.go:33.17,35.4 1 0
github.com/loykin/freader/cmd/freader/sink.go:36.3,36.16 1 0
github.com/loykin/freader/cmd/freader/sink.go:37.20,39.17 2 0
github.com/loykin/freader/cmd/freader/sink.go:39.17,40.43 1 0
github.com/loykin/freader/cmd/freader/sink.go:40.43,42.5 1 0
github.com/loykin/freader/cmd/freader/sink.go:44.3,57.17 2 0
github.com/loykin/freader/cmd/freader/sink.go:57.17,59.4 1 0
github.com/loykin/freader/cmd/freader/sink.go:60.3,60.16 1 0
github.com/loykin/freader/cmd/freader/sink.go:61.20,63.17 2 0
github.com/loykin/freader/cmd/freader/sink.go:63.17,64.43 1 0
github.com/loykin/freader/cmd/freader/sink.go:64.43,66.5 1 0
github.com/loykin/freader/cmd/freader/sink.go:68.3,80.17 2 0
github.com/loykin/freader/cmd/freader/sink.go:80.17,82.4 1 0
github.com/loykin/freader/cmd/freader/sink.go:83.3,83.16 1 0
github.com/loykin/freader/cmd/freader/sink.go:84.10,85.64 1 0
github.com/loykin/freader/cmd/freader/sink/common/batcher.go:23.101,32.2 1 0
github.com/loykin/freader/cmd/freader/sink/common/batcher.go:34.40,35.27 1 0
github.com/loykin/freader/cmd/freader/sink/common/batcher.go:35.27,38.3 2 0
github.com/loykin/freader/cmd/freader/sink/common/batcher.go:39.2,39.9 1 0
github.com/loykin/freader/cmd/freader/sink/common/batcher.go:40.20,41.34 1 0
github.com/loykin/freader/cmd/freader/sink/common/batcher.go:42.10,45.48 2 0
github.com/loykin/freader/cmd/freader/sink/common/filter.go:11.42,12.25 1 0
github.com/loykin/freader/cmd/freader/sink/common/filter.go:12.25,14.34 2 0
github.com/loykin/freader/cmd/freader/sink/common/filter.go:14.34,15.48 1 0
github.com/loykin/freader/cmd/freader/sink/common/filter.go:15.48,17.10 2 0
github.com/loykin/freader/cmd/freader/sink/common/filter.go:20.3,20.10 1 0
github.com/loykin/freader/cmd/freader/sink/common/filter.go:20.10,22.4 1 0
github.com/loykin/freader/cmd/freader/sink/common/filter.go:24.2,24.33 1 0
github.com/loykin/freader/cmd/freader/sink/common/filter.go:24.33,25.47 1 0
github.com/loykin/freader/cmd/freader/sink/common/filter.go:25.47,27.4 1 0
github.com/loykin/freader/cmd/freader/sink/common/filter.go:29.2,29.13 1 0
github.com/loykin/freader/cmd/freader/sink/file/config.go:10.34,11.18 1 0
github.com/loykin/freader/cmd/freader/sink/file/config.go:11.18,13.3 1 0
github.com/loykin/freader/cmd/freader/sink/file/config.go:14.2,14.12 1 0
github.com/loykin/freader/cmd/freader/sink/console/config.go:11.34,12.20 1 0
github.com/loykin/freader/cmd/freader/sink/console/config.go:12.20,14.3 1 0
github.com/loykin/freader/cmd/freader/sink/console/config.go:15.2,15.50 1 0
github.com/loykin/freader/cmd/freader/sink/console/config.go:15.50,17.3 1 0
github.com/loykin/freader/cmd/freader/sink/console/config.go:18.2,18.12 1 0
github.com/loykin/freader/cmd/freader/sink/console/console.go:23.110,25.24 2 0
github.com/loykin/freader/cmd/freader/sink/console/console.go:25.24,27.3 1 0
github.com/loykin/freader/cmd/freader/sink/console/console.go:28.2,30.10 3 0
github.com/loykin/freader/cmd/freader/sink/console/console.go:40.121,41.16 1 0
github.com/loykin/freader/cmd/freader/sink/console/console.go:41.16,43.3 1 0
github.com/loykin/freader/cmd/freader/sink/console/console.go:44.2,46.15 3 0
github.com/loykin/freader/cmd/freader/sink/console/console.go:49.28,51.12 2 0
github.com/loykin/freader/cmd/freader/sink/console/console.go:51.12,55.17 4 0
github.com/loykin/freader/cmd/freader/sink/console/console.go:55.17,58.4 2 0
github.com/loykin/freader/cmd/freader/sink/console/console.go:59.3,62.19 4 0
github.com/loykin/freader/cmd/freader/sink/console/console.go:62.19,63.21 1 0
github.com/loykin/freader/cmd/freader/sink/console/console.go:63.21,65.5 1 0
github.com/loykin/freader/cmd/freader/sink/console/console.go:66.4,67.27 2 0
github.com/loykin/freader/cmd/freader/sink/console/console.go:67.27,69.5 1 0
github.com/loykin/freader/cmd/freader/sink/console/console.go:70.4,71.17 2 0
github.com/loykin/freader/cmd/freader/sink/console/console.go:73.3,73.7 1 0
github.com/loykin/freader/cmd/freader/sink/console/console.go:73.7,74.11 1 0
github.com/loykin/freader/cmd/freader/sink/console/console.go:75.28,77.11 2 0
github.com/loykin/freader/cmd/freader/sink/console/console.go:78.20,79.12 1 0
github.com/loykin/freader/cmd/freader/sink/console/console.go:80.32,82.40 2 0
github.com/loykin/freader/cmd/freader/sink/console/console.go:82.40,84.6 1 0
github.com/loykin/freader/cmd/freader/sink/console/console.go:90.41,90.68 1 0
github.com/loykin/freader/cmd/freader/sink/console/console.go:92.33,93.31 1 0
github.com/loykin/freader/cmd/freader/sink/console/console.go:93.31,93.58 1 0
github.com/loykin/freader/cmd/freader/sink/console/console.go:94.2,95.16 2 0
github.com/loykin/freader/cmd/freader/sink/console/console.go:95.16,97.3 1 0
github.com/loykin/freader/cmd/freader/sink/console/console.go:98.2,98.12 1 0
github.com/loykin/freader/cmd/freader/sink/console/console.go:101.30,103.12 2 0
github.com/loykin/freader/cmd/freader/sink/console/console.go:103.12,108.19 5 0
github.com/loykin/freader/cmd/freader/sink/console/console.go:108.19,109.21 1 0
github.com/loykin/freader/cmd/freader/sink/console/console.go:109.21,111.5 1 0
github.com/loykin/freader/cmd/freader/sink/console/console.go:112.4,113.27 2 0
github.com/loykin/freader/cmd/freader/sink/console/console.go:113.27,115.5 1 0
github.com/loykin/freader/cmd/freader/sink/console/console.go:116.4,117.17 2 0
github.com/loykin/freader/cmd/freader/sink/console/console.go:119.3,119.7 1 0
github.com/loykin/freader/cmd/freader/sink/console/console.go:119.7,120.11 1 0
github.com/loykin/freader/cmd/freader/sink/console/console.go:121.28,123.11 2 0
github.com/loykin/freader/cmd/freader/sink/console/console.go:124.20,125.12 1 0
github.com/loykin/freader/cmd/freader/sink/console/console.go:126.32,128.40 2 0
github.com/loykin/freader/cmd/freader/sink/console/console.go:128.40,130.6 1 0
github.com/loykin/freader/cmd/freader/sink/console/console.go:136.43,136.70 1 0
github.com/loykin/freader/cmd/freader/sink/console/console.go:138.35,139.31 1 0
github.com/loykin/freader/cmd/freader/sink/console/console.go:139.31,139.58 1 0
github.com/loykin/freader/cmd/freader/sink/console/console.go:140.2,141.12 2 0
github.com/loykin/freader/examples/checksum_seperator/main.go:22.13,40.36 12 0
github.com/loykin/freader/examples/checksum_seperator/main.go:40.36,42.3 1 0
github.com/loykin/freader/examples/checksum_seperator/main.go:44.2,45.16 2 0
github.com/loykin/freader/examples/checksum_seperator/main.go:45.16,48.3 2 0
github.com/loykin/freader/examples/checksum_seperator/main.go:50.2,58.9 5 0
github.com/loykin/freader/examples/checksum_seperator/main.go:58.9,61.17 3 0
github.com/loykin/freader/examples/checksum_seperator/main.go:61.17,64.4 2 0
github.com/loykin/freader/examples/checksum_seperator/main.go:65.3,65.16 1 0
github.com/loykin/freader/examples/checksum_seperator/main.go:65.16,65.33 1 0
github.com/loykin/freader/examples/checksum_seperator/main.go:66.3,67.37 2 0
github.com/loykin/freader/examples/checksum_seperator/main.go:71.2,73.50 2 0
github.com/loykin/freader/examples/checksum_reader/main.go:21.13,39.37 12 0
github.com/loykin/freader/examples/checksum_reader/main.go:39.37,41.3 1 0
github.com/loykin/freader/examples/checksum_reader/main.go:43.2,44.16 2 0
github.com/loykin/freader/examples/checksum_reader/main.go:44.16,47.3 2 0
github.com/loykin/freader/examples/checksum_reader/main.go:49.2,58.9 5 0
github.com/loykin/freader/examples/checksum_reader/main.go:58.9,61.17 3 0
github.com/loykin/freader/examples/checksum_reader/main.go:61.17,64.4 2 0
github.com/loykin/freader/examples/checksum_reader/main.go:65.3,65.16 1 0
github.com/loykin/freader/examples/checksum_reader/main.go:65.16,65.33 1 0
github.com/loykin/freader/examples/checksum_reader/main.go:66.3,67.108 2 0
github.com/loykin/freader/examples/checksum_reader/main.go:71.2,73.41 2 0
github.com/loykin/freader/examples/embeded/main.go:18.13,36.37 7 0
github.com/loykin/freader/examples/embeded/main.go:36.37,38.3 1 0
github.com/loykin/freader/examples/embeded/main.go:41.2,42.16 2 0
github.com/loykin/freader/examples/embeded/main.go:42.16,45.3 2 0
github.com/loykin/freader/examples/embeded/main.go:48.2,58.32 8 0
github.com/loykin/freader/examples/log_reader/main.go:18.13,26.16 3 0
github.com/loykin/freader/examples/log_reader/main.go:26.16,29.3 2 0
github.com/loykin/freader/examples/log_reader/main.go:30.2,30.15 1 0
github.com/loykin/freader/examples/log_reader/main.go:30.15,30.44 1 0
github.com/loykin/freader/examples/log_reader/main.go:32.2,37.16 4 0
github.com/loykin/freader/examples/log_reader/main.go:37.16,40.3 2 0
github.com/loykin/freader/examples/log_reader/main.go:43.2,47.16 3 0
github.com/loykin/freader/examples/log_reader/main.go:47.16,50.3 2 0
github.com/loykin/freader/examples/log_reader/main.go:54.2,67.42 4 0
github.com/loykin/freader/examples/log_reader/main.go:67.42,69.3 1 0
github.com/loykin/freader/examples/log_reader/main.go:70.2,70.16 1 0
github.com/loykin/freader/examples/log_reader/main.go:70.16,73.3 2 0
github.com/loykin/freader/examples/log_reader/main.go:76.2,77.31 2 0
github.com/loykin/freader/examples/log_reader/main.go:77.31,79.3 1 0
github.com/loykin/freader/examples/log_reader/main.go:82.2,82.12 1 0
github.com/loykin/freader/examples/log_reader/main.go:82.12,85.17 3 0
github.com/loykin/freader/examples/log_reader/main.go:85.17,88.4 2 0
github.com/loykin/freader/examples/log_reader/main.go:89.3,89.16 1 0
github.com/loykin/freader/examples/log_reader/main.go:89.16,89.33 1 0
github.com/loykin/freader/examples/log_reader/main.go:91.3,91.27 1 0
github.com/loykin/freader/examples/log_reader/main.go:91.27,93.18 2 0
github.com/loykin/freader/examples/log_reader/main.go:93.18,96.5 2 0
github.com/loykin/freader/examples/log_reader/main.go:97.4,97.38 1 0
github.com/loykin/freader/examples/log_reader/main.go:102.2,106.43 3 0
github.com/loykin/freader/examples/lumberjack_rotation/main.go:23.47,28.16 3 0
github.com/loykin/freader/examples/lumberjack_rotation/main.go:28.16,30.3 1 0
github.com/loykin/freader/examples/lumberjack_rotation/main.go:31.2,31.15 1 0
github.com/loykin/freader/examples/lumberjack_rotation/main.go:31.15,31.43 1 0
github.com/loykin/freader/examples/lumberjack_rotation/main.go:33.2,44.15 4 0
github.com/loykin/freader/examples/lumberjack_rotation/main.go:44.15,44.33 1 0
github.com/loykin/freader/examples/lumberjack_rotation/main.go:45.2,64.53 16 0
github.com/loykin/freader/examples/lumberjack_rotation/main.go:64.53,68.3 1 0
github.com/loykin/freader/examples/lumberjack_rotation/main.go:69.2,69.37 1 0
github.com/loykin/freader/examples/lumberjack_rotation/main.go:69.37,73.45 4 0
github.com/loykin/freader/examples/lumberjack_rotation/main.go:73.45,75.4 1 0
github.com/loykin/freader/examples/lumberjack_rotation/main.go:76.3,76.38 1 0
github.com/loykin/freader/examples/lumberjack_rotation/main.go:76.38,78.4 1 0
github.com/loykin/freader/examples/lumberjack_rotation/main.go:79.3,79.38 1 0
github.com/loykin/freader/examples/lumberjack_rotation/main.go:79.38,81.4 1 0
github.com/loykin/freader/examples/lumberjack_rotation/main.go:82.3,82.49 1 0
github.com/loykin/freader/examples/lumberjack_rotation/main.go:85.2,86.16 2 0
github.com/loykin/freader/examples/lumberjack_rotation/main.go:86.16,88.3 1 0
github.com/loykin/freader/examples/lumberjack_rotation/main.go:89.2,94.12 4 0
github.com/loykin/freader/examples/lumberjack_rotation/main.go:94.12,98.27 4 0
github.com/loykin/freader/examples/lumberjack_rotation/main.go:98.27,101.4 2 0
github.com/loykin/freader/examples/lumberjack_rotation/main.go:103.3,105.27 3 0
github.com/loykin/freader/examples/lumberjack_rotation/main.go:105.27,108.4 2 0
github.com/loykin/freader/examples/lumberjack_rotation/main.go:110.3,112.27 3 0
github.com/loykin/freader/examples/lumberjack_rotation/main.go:112.27,115.4 2 0
github.com/loykin/freader/examples/lumberjack_rotation/main.go:119.2,119.9 1 0
github.com/loykin/freader/examples/lumberjack_rotation/main.go:120.14,122.30 1 0
github.com/loykin/freader/examples/lumberjack_rotation/main.go:123.38,124.45 1 0
github.com/loykin/freader/examples/lumberjack_rotation/main.go:128.2,130.18 3 0
github.com/loykin/freader/examples/lumberjack_rotation/main.go:130.18,132.3 1 0
github.com/loykin/freader/examples/lumberjack_rotation/main.go:133.2,133.22 1 0
github.com/loykin/freader/examples/lumberjack_rotation/main.go:133.22,135.3 1 0
github.com/loykin/freader/examples/lumberjack_rotation/main.go:136.2,136.22 1 0
github.com/loykin/freader/examples/lumberjack_rotation/main.go:136.22,138.3 1 0
github.com/loykin/freader/examples/lumberjack_rotation/main.go:140.2,141.12 2 0
github.com/loykin/freader/examples/lumberjack_rotation/main.go:144.13,149.95 2 0
github.com/loykin/freader/examples/lumberjack_rotation/main.go:149.95,151.3 1 0
github.com/loykin/freader/examples/lumberjack_rotation/main.go:154.2,154.85 1 0
github.com/loykin/freader/examples/lumberjack_rotation/main.go:154.85,156.3 1 0
github.com/loykin/freader/examples/lumberjack_rotation/main.go:158.2,158.51 1 0
github.com/loykin/freader/cmd/freader/sink/clickhouse/clickhouse.go:26.178,27.31 1 1
github.com/loykin/freader/cmd/freader/sink/clickhouse/clickhouse.go:27.31,29.3 1 1
github.com/loykin/freader/cmd/freader/sink/clickhouse/clickhouse.go:31.2,32.35 2 0
github.com/loykin/freader/cmd/freader/sink/clickhouse/clickhouse.go:32.35,34.17 2 0
github.com/loykin/freader/cmd/freader/sink/clickhouse/clickhouse.go:34.17,36.4 1 0
github.com/loykin/freader/cmd/freader/sink/clickhouse/clickhouse.go:37.3,40.13 4 0
github.com/loykin/freader/cmd/freader/sink/clickhouse/clickhouse.go:40.13,42.4 1 0
github.com/loykin/freader/cmd/freader/sink/clickhouse/clickhouse.go:43.8,45.3 1 0
github.com/loykin/freader/cmd/freader/sink/clickhouse/clickhouse.go:47.2,47.62 1 0
github.com/loykin/freader/cmd/freader/sink/clickhouse/clickhouse.go:47.62,49.3 1 0
github.com/loykin/freader/cmd/freader/sink/clickhouse/clickhouse.go:51.2,52.16 2 0
github.com/loykin/freader/cmd/freader/sink/clickhouse/clickhouse.go:52.16,54.3 1 0
github.com/loykin/freader/cmd/freader/sink/clickhouse/clickhouse.go:55.2,64.15 3 0
github.com/loykin/freader/cmd/freader/sink/clickhouse/clickhouse.go:67.24,69.12 2 0
github.com/loykin/freader/cmd/freader/sink/clickhouse/clickhouse.go:69.12,74.19 5 0
github.com/loykin/freader/cmd/freader/sink/clickhouse/clickhouse.go:74.19,75.21 1 0
github.com/loykin/freader/cmd/freader/sink/clickhouse/clickhouse.go:75.21,77.5 1 0
github.com/loykin/freader/cmd/freader/sink/clickhouse/clickhouse.go:78.4,78.39 1 0
github.com/loykin/freader/cmd/freader/sink/clickhouse/clickhouse.go:78.39,80.5 1 0
github.com/loykin/freader/cmd/freader/sink/clickhouse/clickhouse.go:81.4,81.17 1 0
github.com/loykin/freader/cmd/freader/sink/clickhouse/clickhouse.go:83.3,83.7 1 0
github.com/loykin/freader/cmd/freader/sink/clickhouse/clickhouse.go:83.7,84.11 1 0
github.com/loykin/freader/cmd/freader/sink/clickhouse/clickhouse.go:85.28,87.11 2 0
github.com/loykin/freader/cmd/freader/sink/clickhouse/clickhouse.go:88.20,89.12 1 0
github.com/loykin/freader/cmd/freader/sink/clickhouse/clickhouse.go:90.32,92.40 2 0
github.com/loykin/freader/cmd/freader/sink/clickhouse/clickhouse.go:92.40,94.6 1 0
github.com/loykin/freader/cmd/freader/sink/clickhouse/clickhouse.go:100.29,101.31 1 0
github.com/loykin/freader/cmd/freader/sink/clickhouse/clickhouse.go:101.31,101.58 1 0
github.com/loykin/freader/cmd/freader/sink/clickhouse/clickhouse.go:102.2,103.12 2 0
github.com/loykin/freader/cmd/freader/sink/clickhouse/clickhouse.go:106.37,106.64 1 0
github.com/loykin/freader/cmd/freader/sink/clickhouse/clickhouse.go:108.44,112.53 4 0
github.com/loykin/freader/cmd/freader/sink/clickhouse/clickhouse.go:112.53,114.3 1 0
github.com/loykin/freader/cmd/freader/sink/clickhouse/clickhouse.go:115.2,117.16 3 0
github.com/loykin/freader/cmd/freader/sink/clickhouse/clickhouse.go:117.16,120.3 2 0
github.com/loykin/freader/cmd/freader/sink/clickhouse/clickhouse.go:121.2,121.27 1 0
github.com/loykin/freader/cmd/freader/sink/clickhouse/clickhouse.go:121.27,122.72 1 0
github.com/loykin/freader/cmd/freader/sink/clickhouse/clickhouse.go:122.72,125.4 2 0
github.com/loykin/freader/cmd/freader/sink/clickhouse/clickhouse.go:127.2,129.12 3 0
github.com/loykin/freader/cmd/freader/sink/clickhouse/config.go:14.34,15.35 1 0
github.com/loykin/freader/cmd/freader/sink/clickhouse/config.go:15.35,17.3 1 0
github.com/loykin/freader/cmd/freader/sink/clickhouse/config.go:18.2,18.12 1 0
github.com/loykin/freader/cmd/freader/sink/clickhouse/migrations.go:18.57,20.16 2 1
github.com/loykin/freader/cmd/freader/sink/clickhouse/migrations.go:20.16,22.3 1 0
github.com/loykin/freader/cmd/freader/sink/clickhouse/migrations.go:23.2,23.23 1 1
github.com/loykin/freader/cmd/freader/sink/clickhouse/migrations.go:27.68,30.15 2 0
github.com/loykin/freader/cmd/freader/sink/clickhouse/migrations.go:30.15,30.33 1 0
github.com/loykin/freader/cmd/freader/sink/clickhouse/migrations.go:31.2,31.34 1 0
github.com/loykin/freader/cmd/freader/sink/clickhouse/migrations.go:31.34,33.3 1 0
github.com/loykin/freader/cmd/freader/sink/clickhouse/migrations.go:34.2,34.55 1 0
github.com/loykin/freader/cmd/freader/sink/clickhouse/migrations.go:34.55,36.3 1 0
github.com/loykin/freader/cmd/freader/sink/clickhouse/migrations.go:38.2,39.16 2 0
github.com/loykin/freader/cmd/freader/sink/clickhouse/migrations.go:39.16,41.3 1 0
github.com/loykin/freader/cmd/freader/sink/clickhouse/migrations.go:42.2,42.15 1 0
github.com/loykin/freader/cmd/freader/sink/clickhouse/migrations.go:42.15,42.43 1 0
github.com/loykin/freader/cmd/freader/sink/clickhouse/migrations.go:44.2,45.57 2 0
github.com/loykin/freader/cmd/freader/sink/clickhouse/migrations.go:45.57,47.3 1 0
github.com/loykin/freader/cmd/freader/sink/clickhouse/migrations.go:48.2,49.16 2 0
github.com/loykin/freader/cmd/freader/sink/clickhouse/migrations.go:49.16,51.3 1 0
github.com/loykin/freader/cmd/freader/sink/clickhouse/migrations.go:52.2,52.28 1 0
github.com/loykin/freader/cmd/freader/sink/clickhouse/migrations.go:52.28,53.16 1 0
github.com/loykin/freader/cmd/freader/sink/clickhouse/migrations.go:53.16,54.12 1 0
github.com/loykin/freader/cmd/freader/sink/clickhouse/migrations.go:56.3,58.17 3 0
github.com/loykin/freader/cmd/freader/sink/clickhouse/migrations.go:58.17,60.4 1 0
github.com/loykin/freader/cmd/freader/sink/clickhouse/migrations.go:61.3,62.91 2 0
github.com/loykin/freader/cmd/freader/sink/clickhouse/migrations.go:62.91,64.4 1 0
github.com/loykin/freader/cmd/freader/sink/clickhouse/migrations.go:66.2,66.45 1 0
github.com/loykin/freader/cmd/freader/sink/clickhouse/migrations.go:66.45,68.3 1 0
github.com/loykin/freader/cmd/freader/sink/clickhouse/migrations.go:69.2,69.12 1 0
github.com/loykin/freader/cmd/freader/sink/opensearch/config.go:13.34,14.34 1 0
github.com/loykin/freader/cmd/freader/sink/opensearch/config.go:14.34,16.3 1 0
github.com/loykin/freader/cmd/freader/sink/opensearch/config.go:17.2,17.12 1 0
github.com/loykin/freader/cmd/freader/sink/opensearch/opensearch.go:25.171,26.34 1 2
github.com/loykin/freader/cmd/freader/sink/opensearch/opensearch.go:26.34,28.3 1 1
github.com/loykin/freader/cmd/freader/sink/opensearch/opensearch.go:29.2,30.16 2 1
github.com/loykin/freader/cmd/freader/sink/opensearch/opensearch.go:30.16,33.3 2 0
github.com/loykin/freader/cmd/freader/sink/opensearch/opensearch.go:34.2,35.16 2 1
github.com/loykin/freader/cmd/freader/sink/opensearch/opensearch.go:35.16,37.3 1 0
github.com/loykin/freader/cmd/freader/sink/opensearch/opensearch.go:38.2,46.15 3 1
github.com/loykin/freader/cmd/freader/sink/opensearch/opensearch.go:49.24,51.12 2 1
github.com/loykin/freader/cmd/freader/sink/opensearch/opensearch.go:51.12,56.19 5 1
github.com/loykin/freader/cmd/freader/sink/opensearch/opensearch.go:56.19,57.21 1 4
github.com/loykin/freader/cmd/freader/sink/opensearch/opensearch.go:57.21,59.5 1 3
github.com/loykin/freader/cmd/freader/sink/opensearch/opensearch.go:60.4,60.39 1 1
github.com/loykin/freader/cmd/freader/sink/opensearch/opensearch.go:60.39,62.5 1 0
github.com/loykin/freader/cmd/freader/sink/opensearch/opensearch.go:63.4,63.17 1 1
github.com/loykin/freader/cmd/freader/sink/opensearch/opensearch.go:65.3,65.7 1 1
github.com/loykin/freader/cmd/freader/sink/opensearch/opensearch.go:65.7,66.11 1 5
github.com/loykin/freader/cmd/freader/sink/opensearch/opensearch.go:67.28,69.11 2 1
github.com/loykin/freader/cmd/freader/sink/opensearch/opensearch.go:70.20,71.12 1 3
github.com/loykin/freader/cmd/freader/sink/opensearch/opensearch.go:72.32,74.40 2 1
github.com/loykin/freader/cmd/freader/sink/opensearch/opensearch.go:74.40,76.6 1 0
github.com/loykin/freader/cmd/freader/sink/opensearch/opensearch.go:82.29,83.31 1 1
github.com/loykin/freader/cmd/freader/sink/opensearch/opensearch.go:83.31,83.58 1 1
github.com/loykin/freader/cmd/freader/sink/opensearch/opensearch.go:84.2,85.12 2 1
github.com/loykin/freader/cmd/freader/sink/opensearch/opensearch.go:88.37,88.64 1 1
github.com/loykin/freader/cmd/freader/sink/opensearch/opensearch.go:90.44,98.16 5 1
github.com/loykin/freader/cmd/freader/sink/opensearch/opensearch.go:98.16,101.3 2 0
github.com/loykin/freader/cmd/freader/sink/opensearch/opensearch.go:102.2,102.27 1 1
github.com/loykin/freader/cmd/freader/sink/opensearch/opensearch.go:102.27,114.134 3 1
github.com/loykin/freader/cmd/freader/sink/opensearch/opensearch.go:114.134,115.19 1 0
github.com/loykin/freader/cmd/freader/sink/opensearch/opensearch.go:115.19,118.6 2 0
github.com/loykin/freader/cmd/freader/sink/opensearch/opensearch.go:119.5,119.90 1 0
github.com/loykin/freader/cmd/freader/sink/opensearch/opensearch.go:122.3,122.17 1 1
github.com/loykin/freader/cmd/freader/sink/opensearch/opensearch.go:122.17,125.4 2 0
github.com/loykin/freader/cmd/freader/sink/opensearch/opensearch.go:127.2,127.38 1 1
github.com/loykin/freader/cmd/freader/sink/opensearch/opensearch.go:127.38,130.3 2 0
github.com/loykin/freader/cmd/freader/sink/opensearch/opensearch.go:131.2,132.25 2 1
github.com/loykin/freader/cmd/freader/sink/opensearch/opensearch.go:132.25,135.3 2 0
github.com/loykin/freader/cmd/freader/sink/opensearch/opensearch.go:136.2,137.12 2 1
github.com/loykin/freader/internal/metrics/collector_metrics.go:44.46,48.31 2 0
github.com/loykin/freader/internal/metrics/collector_metrics.go:48.31,49.39 1 0
github.com/loykin/freader/internal/metrics/collector_metrics.go:49.39,51.47 2 0
github.com/loykin/freader/internal/metrics/collector_metrics.go:51.47,52.13 1 0
github.com/loykin/freader/internal/metrics/collector_metrics.go:54.4,54.14 1 0
github.com/loykin/freader/internal/metrics/collector_metrics.go:57.2,57.12 1 0
github.com/loykin/freader/internal/metrics/collector_metrics.go:61.22,62.11 1 0
github.com/loykin/freader/internal/metrics/collector_metrics.go:62.11,64.3 1 0
github.com/loykin/freader/internal/metrics/collector_metrics.go:68.22,69.11 1 0
github.com/loykin/freader/internal/metrics/collector_metrics.go:69.11,71.3 1 0
github.com/loykin/freader/internal/metrics/collector_metrics.go:75.22,75.43 1 0
github.com/loykin/freader/internal/metrics/collector_metrics.go:78.21,78.45 1 0
github.com/loykin/freader/internal/metrics/collector_metrics.go:81.23,81.44 1 0
github.com/loykin/freader/internal/metrics/collector_metrics.go:84.23,84.44 1 0
github.com/loykin/freader/internal/metrics/collector_metrics.go:87.27,87.57 1 0
github.com/loykin/freader/internal/metrics/metrics.go:21.42,31.12 4 0
github.com/loykin/freader/internal/metrics/metrics.go:31.12,33.3 1 0
github.com/loykin/freader/internal/metrics/metrics.go:35.2,35.34 1 0
github.com/loykin/freader/internal/metrics/metrics.go:39.31,40.33 1 0
github.com/loykin/freader/internal/metrics/metrics.go:40.33,42.3 1 0
github.com/loykin/freader/internal/metrics/metrics.go:43.2,45.31 3 0
github.com/loykin/freader/internal/file_tracker/errors.go:13.48,15.2 1 3
github.com/loykin/freader/internal/file_tracker/errors.go:18.41,21.2 2 2
github.com/loykin/freader/internal/file_tracker/errors.go:28.54,28.100 1 0
github.com/loykin/freader/internal/file_tracker/errors.go:36.47,38.2 1 0
github.com/loykin/freader/internal/file_tracker/errors.go:47.51,49.2 1 0
github.com/loykin/freader/internal/file_tracker/errors.go:51.44,54.2 2 1
github.com/loykin/freader/internal/file_tracker/file_id_linux.go:11.50,13.9 2 4
github.com/loykin/freader/internal/file_tracker/file_id_linux.go:13.9,15.3 1 0
github.com/loykin/freader/internal/file_tracker/file_id_linux.go:17.2,17.62 1 4
github.com/loykin/freader/internal/file_tracker/file_tracker.go:10.25,15.2 2 6
github.com/loykin/freader/internal/file_tracker/file_tracker.go:19.123,25.21 4 119
github.com/loykin/freader/internal/file_tracker/file_tracker.go:25.21,27.3 1 1
github.com/loykin/freader/internal/file_tracker/file_tracker.go:29.2,34.3 1 119
github.com/loykin/freader/internal/file_tracker/file_tracker.go:37.55,41.36 3 109
github.com/loykin/freader/internal/file_tracker/file_tracker.go:41.36,43.3 1 42
github.com/loykin/freader/internal/file_tracker/file_tracker.go:45.2,45.12 1 67
github.com/loykin/freader/internal/file_tracker/file_tracker.go:48.45,53.2 3 57
github.com/loykin/freader/internal/file_tracker/file_tracker.go:55.70,59.44 3 2
github.com/loykin/freader/internal/file_tracker/file_tracker.go:59.44,63.3 3 1
github.com/loykin/freader/internal/file_tracker/file_tracker.go:64.2,64.14 1 1
github.com/loykin/freader/internal/file_tracker/file_tracker.go:67.60,72.31 4 12
github.com/loykin/freader/internal/file_tracker/file_tracker.go:72.31,74.3 1 34
github.com/loykin/freader/internal/file_tracker/file_tracker.go:75.2,75.15 1 12
github.com/loykin/freader/internal/file_tracker/fingerprint.go:13.78,15.16 2 6
github.com/loykin/freader/internal/file_tracker/fingerprint.go:15.16,17.3 1 1
github.com/loykin/freader/internal/file_tracker/fingerprint.go:18.2,18.15 1 5
github.com/loykin/freader/internal/file_tracker/fingerprint.go:18.15,18.35 1 5
github.com/loykin/freader/internal/file_tracker/fingerprint.go:20.2,20.43 1 5
github.com/loykin/freader/internal/file_tracker/fingerprint.go:26.72,28.16 2 9
github.com/loykin/freader/internal/file_tracker/fingerprint.go:28.16,30.3 1 0
github.com/loykin/freader/internal/file_tracker/fingerprint.go:32.2,32.28 1 9
github.com/loykin/freader/internal/file_tracker/fingerprint.go:32.28,37.3 1 2
github.com/loykin/freader/internal/file_tracker/fingerprint.go:39.2,40.18 2 7
github.com/loykin/freader/internal/file_tracker/fingerprint.go:40.18,42.3 1 6
github.com/loykin/freader/internal/file_tracker/fingerprint.go:44.2,45.49 2 7
github.com/loykin/freader/internal/file_tracker/fingerprint.go:45.49,47.3 1 1
github.com/loykin/freader/internal/file_tracker/fingerprint.go:49.2,49.47 1 6
github.com/loykin/freader/internal/file_tracker/fingerprint.go:52.101,54.16 2 4
github.com/loykin/freader/internal/file_tracker/fingerprint.go:54.16,56.14 2 9
github.com/loykin/freader/internal/file_tracker/fingerprint.go:56.14,58.4 1 1
github.com/loykin/freader/internal/file_tracker/fingerprint.go:59.3,61.17 3 8
github.com/loykin/freader/internal/file_tracker/fingerprint.go:61.17,63.4 1 3
github.com/loykin/freader/internal/file_tracker/fingerprint.go:64.3,64.25 1 5
github.com/loykin/freader/internal/file_tracker/fingerprint.go:66.2,66.24 1 0
github.com/loykin/freader/internal/file_tracker/fingerprint.go:69.46,70.17 1 1
github.com/loykin/freader/internal/file_tracker/fingerprint.go:70.17,72.3 1 0
github.com/loykin/freader/internal/file_tracker/fingerprint.go:73.2,73.24 1 1
github.com/loykin/freader/internal/file_tracker/fingerprint.go:73.24,75.3 1 1
github.com/loykin/freader/internal/file_tracker/fingerprint.go:76.2,76.10 1 0
github.com/loykin/freader/internal/file_tracker/fingerprint.go:79.45,82.2 2 3
github.com/loykin/freader/internal/file_tracker/fingerprint.go:88.91,89.15 1 4
github.com/loykin/freader/internal/file_tracker/fingerprint.go:89.15,91.3 1 0
github.com/loykin/freader/internal/file_tracker/fingerprint.go:92.2,92.12 1 4
github.com/loykin/freader/internal/file_tracker/fingerprint.go:92.12,94.3 1 0
github.com/loykin/freader/internal/file_tracker/fingerprint.go:95.2,95.54 1 4
github.com/loykin/freader/internal/file_tracker/fingerprint.go:95.54,97.3 1 0
github.com/loykin/freader/internal/file_tracker/fingerprint.go:99.2,105.6 6 4
github.com/loykin/freader/internal/file_tracker/fingerprint.go:105.6,107.13 2 5
github.com/loykin/freader/internal/file_tracker/fingerprint.go:107.13,111.10 4 4
github.com/loykin/freader/internal/file_tracker/fingerprint.go:111.10,113.5 1 3
github.com/loykin/freader/internal/file_tracker/fingerprint.go:115.4,115.55 1 1
github.com/loykin/freader/internal/file_tracker/fingerprint.go:117.3,117.17 1 2
github.com/loykin/freader/internal/file_tracker/fingerprint.go:117.17,118.21 1 1
github.com/loykin/freader/internal/file_tracker/fingerprint.go:118.21,120.5 1 1
github.com/loykin/freader/internal/file_tracker/fingerprint.go:121.4,121.18 1 0
github.com/loykin/freader/internal/file_tracker/fingerprint.go:127.90,129.16 2 4
github.com/loykin/freader/internal/file_tracker/fingerprint.go:129.16,131.3 1 0
github.com/loykin/freader/internal/file_tracker/fingerprint.go:132.2,132.15 1 4
github.com/loykin/freader/internal/file_tracker/fingerprint.go:132.15,132.32 1 4
github.com/loykin/freader/internal/file_tracker/fingerprint.go:133.2,133.54 1 4
github.com/loykin/freader/internal/file_tracker/utils.go:5.53,7.16 2 4
github.com/loykin/freader/internal/file_tracker/utils.go:7.16,9.3 1 0
github.com/loykin/freader/internal/file_tracker/utils.go:11.2,11.24 1 4
github.com/loykin/freader/internal/store/migrations.go:13.23,15.2 1 3
github.com/loykin/freader/internal/store/sqlite_store.go:35.51,37.44 1 4
github.com/loykin/freader/internal/store/sqlite_store.go:37.44,38.40 1 4
github.com/loykin/freader/internal/store/sqlite_store.go:38.40,40.4 1 1
github.com/loykin/freader/internal/store/sqlite_store.go:44.2,45.16 2 3
github.com/loykin/freader/internal/store/sqlite_store.go:45.16,47.3 1 0
github.com/loykin/freader/internal/store/sqlite_store.go:50.2,53.52 2 3
github.com/loykin/freader/internal/store/sqlite_store.go:53.52,56.3 2 0
github.com/loykin/freader/internal/store/sqlite_store.go:58.2,60.51 2 3
github.com/loykin/freader/internal/store/sqlite_store.go:60.51,63.3 2 0
github.com/loykin/freader/internal/store/sqlite_store.go:65.2,65.34 1 3
github.com/loykin/freader/internal/store/sqlite_store.go:68.93,78.16 2 6
github.com/loykin/freader/internal/store/sqlite_store.go:78.16,80.3 1 0
github.com/loykin/freader/internal/store/sqlite_store.go:82.2,82.12 1 6
github.com/loykin/freader/internal/store/sqlite_store.go:85.81,91.42 3 7
github.com/loykin/freader/internal/store/sqlite_store.go:91.42,92.36 1 2
github.com/loykin/freader/internal/store/sqlite_store.go:92.36,94.4 1 2
github.com/loykin/freader/internal/store/sqlite_store.go:95.3,95.64 1 0
github.com/loykin/freader/internal/store/sqlite_store.go:98.2,98.26 1 5
github.com/loykin/freader/internal/store/sqlite_store.go:101.68,106.16 2 1
github.com/loykin/freader/internal/store/sqlite_store.go:106.16,108.3 1 0
github.com/loykin/freader/internal/store/sqlite_store.go:110.2,110.12 1 1
github.com/loykin/freader/internal/store/sqlite_store.go:113.37,115.2 1 3
github.com/loykin/freader/internal/store/sqlite_store.go:118.34,120.2 1 4
github.com/loykin/freader/internal/watcher/config.go:21.34,22.31 1 14
github.com/loykin/freader/internal/watcher/config.go:23.41,25.13 1 8
github.com/loykin/freader/internal/watcher/config.go:26.35,27.29 1 3
github.com/loykin/freader/internal/watcher/config.go:27.29,29.4 1 1
github.com/loykin/freader/internal/watcher/config.go:30.3,30.13 1 2
github.com/loykin/freader/internal/watcher/config.go:31.44,32.29 1 2
github.com/loykin/freader/internal/watcher/config.go:32.29,34.4 1 0
github.com/loykin/freader/internal/watcher/config.go:35.3,35.35 1 2
github.com/loykin/freader/internal/watcher/config.go:35.35,37.4 1 1
github.com/loykin/freader/internal/watcher/config.go:38.3,38.13 1 1
github.com/loykin/freader/internal/watcher/config.go:39.10,40.82 1 1
github.com/loykin/freader/internal/watcher/config.go:44.29,50.2 1 1
github.com/loykin/freader/internal/watcher/util.go:9.34,11.16 2 60
github.com/loykin/freader/internal/watcher/util.go:11.16,13.3 1 4
github.com/loykin/freader/internal/watcher/util.go:14.2,14.52 1 56
github.com/loykin/freader/internal/watcher/util.go:25.44,26.19 1 36
github.com/loykin/freader/internal/watcher/util.go:26.19,28.3 1 0
github.com/loykin/freader/internal/watcher/util.go:29.2,31.40 2 36
github.com/loykin/freader/internal/watcher/util.go:31.40,33.3 1 0
github.com/loykin/freader/internal/watcher/util.go:35.2,36.6 2 36
github.com/loykin/freader/internal/watcher/util.go:36.6,38.30 2 72
github.com/loykin/freader/internal/watcher/util.go:38.30,39.9 1 36
github.com/loykin/freader/internal/watcher/util.go:41.3,41.17 1 36
github.com/loykin/freader/internal/watcher/util.go:41.17,43.12 2 0
github.com/loykin/freader/internal/watcher/util.go:45.3,45.20 1 36
github.com/loykin/freader/internal/watcher/util.go:45.20,47.12 2 36
github.com/loykin/freader/internal/watcher/util.go:50.3,50.11 1 0
github.com/loykin/freader/internal/watcher/util.go:52.2,52.13 1 36
github.com/loykin/freader/internal/watcher/util.go:52.13,54.3 1 36
github.com/loykin/freader/internal/watcher/util.go:55.2,55.10 1 0
github.com/loykin/freader/internal/watcher/util.go:67.50,69.23 2 58
github.com/loykin/freader/internal/watcher/util.go:69.23,71.32 2 58
github.com/loykin/freader/internal/watcher/util.go:71.32,74.18 3 98
github.com/loykin/freader/internal/watcher/util.go:74.18,76.5 1 36
github.com/loykin/freader/internal/watcher/util.go:76.10,77.42 1 62
github.com/loykin/freader/internal/watcher/util.go:77.42,78.20 1 54
github.com/loykin/freader/internal/watcher/util.go:78.20,80.7 1 54
github.com/loykin/freader/internal/watcher/util.go:80.12,82.20 2 0
github.com/loykin/freader/internal/watcher/util.go:82.20,84.8 1 0
github.com/loykin/freader/internal/watcher/util.go:84.13,86.8 1 0
github.com/loykin/freader/internal/watcher/util.go:88.11,90.29 2 8
github.com/loykin/freader/internal/watcher/util.go:90.29,92.7 1 0
github.com/loykin/freader/internal/watcher/util.go:92.12,94.7 1 8
github.com/loykin/freader/internal/watcher/util.go:97.4,97.18 1 98
github.com/loykin/freader/internal/watcher/util.go:97.18,98.13 1 0
github.com/loykin/freader/internal/watcher/util.go:100.4,101.33 2 98
github.com/loykin/freader/internal/watcher/util.go:101.33,104.5 2 85
github.com/loykin/freader/internal/watcher/util.go:107.2,107.21 1 58
github.com/loykin/freader/internal/watcher/util.go:107.21,109.3 1 0
github.com/loykin/freader/internal/watcher/util.go:110.2,110.14 1 58
github.com/loykin/freader/internal/watcher/util.go:113.29,115.2 1 671
github.com/loykin/freader/internal/watcher/watcher.go:33.102,37.34 2 15
github.com/loykin/freader/internal/watcher/watcher.go:37.34,39.35 2 20
github.com/loykin/freader/internal/watcher/watcher.go:39.35,40.14 1 31
github.com/loykin/freader/internal/watcher/watcher.go:40.14,41.13 1 19
github.com/loykin/freader/internal/watcher/watcher.go:43.4,44.30 2 12
github.com/loykin/freader/internal/watcher/watcher.go:44.30,46.5 1 1
github.com/loykin/freader/internal/watcher/watcher.go:51.2,51.42 1 14
github.com/loykin/freader/internal/watcher/watcher.go:51.42,53.3 1 3
github.com/loykin/freader/internal/watcher/watcher.go:55.2,66.8 1 11
github.com/loykin/freader/internal/watcher/watcher.go:69.27,72.12 2 6
github.com/loykin/freader/internal/watcher/watcher.go:72.12,78.7 3 6
github.com/loykin/freader/internal/watcher/watcher.go:78.7,79.11 1 43
github.com/loykin/freader/internal/watcher/watcher.go:80.20,81.11 1 6
github.com/loykin/freader/internal/watcher/watcher.go:82.20,83.13 1 37
github.com/loykin/freader/internal/watcher/watcher.go:89.26,91.2 1 6
github.com/loykin/freader/internal/watcher/watcher.go:93.26,98.36 3 43
github.com/loykin/freader/internal/watcher/watcher.go:98.36,100.18 2 65
github.com/loykin/freader/internal/watcher/watcher.go:100.18,102.9 2 22
github.com/loykin/freader/internal/watcher/watcher.go:104.3,104.41 1 43
github.com/loykin/freader/internal/watcher/watcher.go:104.41,107.9 2 0
github.com/loykin/freader/internal/watcher/watcher.go:108.9,108.25 1 43
github.com/loykin/freader/internal/watcher/watcher.go:108.25,110.9 2 0
github.com/loykin/freader/internal/watcher/watcher.go:115.2,117.29 2 43
github.com/loykin/freader/internal/watcher/watcher.go:117.29,118.80 1 65
github.com/loykin/freader/internal/watcher/watcher.go:118.80,119.18 1 289
github.com/loykin/freader/internal/watcher/watcher.go:119.18,122.5 2 2
github.com/loykin/freader/internal/watcher/watcher.go:124.4,124.35 1 287
github.com/loykin/freader/internal/watcher/watcher.go:124.35,126.5 1 65
github.com/loykin/freader/internal/watcher/watcher.go:129.4,129.26 1 222
github.com/loykin/freader/internal/watcher/watcher.go:129.26,132.39 3 222
github.com/loykin/freader/internal/watcher/watcher.go:132.39,135.28 2 472
github.com/loykin/freader/internal/watcher/watcher.go:135.28,136.135 1 222
github.com/loykin/freader/internal/watcher/watcher.go:136.135,138.24 1 218
github.com/loykin/freader/internal/watcher/watcher.go:138.24,139.83 1 48
github.com/loykin/freader/internal/watcher/watcher.go:139.83,141.15 2 48
github.com/loykin/freader/internal/watcher/watcher.go:144.13,146.73 1 4
github.com/loykin/freader/internal/watcher/watcher.go:146.73,148.14 2 0
github.com/loykin/freader/internal/watcher/watcher.go:151.7,151.15 1 174
github.com/loykin/freader/internal/watcher/watcher.go:154.6,154.53 1 250
github.com/loykin/freader/internal/watcher/watcher.go:154.53,156.12 2 31
github.com/loykin/freader/internal/watcher/watcher.go:158.6,158.50 1 219
github.com/loykin/freader/internal/watcher/watcher.go:158.50,160.12 2 0
github.com/loykin/freader/internal/watcher/watcher.go:163.5,163.17 1 222
github.com/loykin/freader/internal/watcher/watcher.go:163.17,165.6 1 143
github.com/loykin/freader/internal/watcher/watcher.go:168.4,168.26 1 79
github.com/loykin/freader/internal/watcher/watcher.go:168.26,170.39 2 64
github.com/loykin/freader/internal/watcher/watcher.go:170.39,171.52 1 64
github.com/loykin/freader/internal/watcher/watcher.go:171.52,173.7 1 11
github.com/loykin/freader/internal/watcher/watcher.go:174.6,174.49 1 53
github.com/loykin/freader/internal/watcher/watcher.go:174.49,176.7 1 0
github.com/loykin/freader/internal/watcher/watcher.go:182.4,182.24 1 68
github.com/loykin/freader/internal/watcher/watcher.go:182.24,184.5 1 0
github.com/loykin/freader/internal/watcher/watcher.go:186.4,187.33 2 68
github.com/loykin/freader/internal/watcher/watcher.go:188.37,190.45 2 2
github.com/loykin/freader/internal/watcher/watcher.go:190.45,192.6 1 0
github.com/loykin/freader/internal/watcher/watcher.go:192.11,192.26 1 2
github.com/loykin/freader/internal/watcher/watcher.go:192.26,195.6 2 1
github.com/loykin/freader/internal/watcher/watcher.go:196.46,198.48 2 2
github.com/loykin/freader/internal/watcher/watcher.go:198.48,200.6 1 0
github.com/loykin/freader/internal/watcher/watcher.go:200.11,200.26 1 2
github.com/loykin/freader/internal/watcher/watcher.go:200.26,203.6 2 0
github.com/loykin/freader/internal/watcher/watcher.go:204.43,206.19 2 64
github.com/loykin/freader/internal/watcher/watcher.go:206.19,209.6 2 0
github.com/loykin/freader/internal/watcher/watcher.go:210.12,211.84 1 0
github.com/loykin/freader/internal/watcher/watcher.go:214.4,217.22 3 67
github.com/loykin/freader/internal/watcher/watcher.go:217.22,220.5 2 8
github.com/loykin/freader/internal/watcher/watcher.go:222.4,222.14 1 67
github.com/loykin/freader/internal/watcher/watcher.go:224.3,224.17 1 65
github.com/loykin/freader/internal/watcher/watcher.go:224.17,226.12 2 0
github.com/loykin/freader/internal/watcher/watcher.go:230.2,230.50 1 43
github.com/loykin/freader/internal/watcher/watcher.go:230.50,231.29 1 70
github.com/loykin/freader/internal/watcher/watcher.go:231.29,232.31 1 3
github.com/loykin/freader/internal/watcher/watcher.go:232.31,234.5 1 3
github.com/loykin/freader/internal/watcher/watcher.go:235.4,235.32 1 3
github.com/loykin/freader/internal/tailer/tail_reader.go:31.35,32.19 1 11
github.com/loykin/freader/internal/tailer/tail_reader.go:32.19,34.3 1 0
github.com/loykin/freader/internal/tailer/tail_reader.go:36.2,37.21 2 11
github.com/loykin/freader/internal/tailer/tail_reader.go:37.21,39.3 1 0
github.com/loykin/freader/internal/tailer/tail_reader.go:41.2,42.16 2 11
github.com/loykin/freader/internal/tailer/tail_reader.go:42.16,44.3 1 0
github.com/loykin/freader/internal/tailer/tail_reader.go:46.2,47.38 2 11
github.com/loykin/freader/internal/tailer/tail_reader.go:48.43,50.17 2 2
github.com/loykin/freader/internal/tailer/tail_reader.go:50.17,52.4 1 0
github.com/loykin/freader/internal/tailer/tail_reader.go:53.52,55.17 2 0
github.com/loykin/freader/internal/tailer/tail_reader.go:55.17,57.4 1 0
github.com/loykin/freader/internal/tailer/tail_reader.go:58.49,60.17 2 9
github.com/loykin/freader/internal/tailer/tail_reader.go:60.17,62.4 1 0
github.com/loykin/freader/internal/tailer/tail_reader.go:64.3,65.17 2 9
github.com/loykin/freader/internal/tailer/tail_reader.go:65.17,67.4 1 0
github.com/loykin/freader/internal/tailer/tail_reader.go:68.10,69.89 1 0
github.com/loykin/freader/internal/tailer/tail_reader.go:72.2,72.24 1 11
github.com/loykin/freader/internal/tailer/tail_reader.go:72.24,77.3 3 1
github.com/loykin/freader/internal/tailer/tail_reader.go:79.2,80.16 2 10
github.com/loykin/freader/internal/tailer/tail_reader.go:80.16,83.3 2 0
github.com/loykin/freader/internal/tailer/tail_reader.go:85.2,88.12 3 10
github.com/loykin/freader/internal/tailer/tail_reader.go:91.54,93.19 2 1032
github.com/loykin/freader/internal/tailer/tail_reader.go:93.19,95.3 1 0
github.com/loykin/freader/internal/tailer/tail_reader.go:97.2,97.6 1 1032
github.com/loykin/freader/internal/tailer/tail_reader.go:97.6,99.47 1 2053
github.com/loykin/freader/internal/tailer/tail_reader.go:99.47,105.4 4 1021
github.com/loykin/freader/internal/tailer/tail_reader.go:107.3,109.17 3 1032
github.com/loykin/freader/internal/tailer/tail_reader.go:109.17,110.21 1 11
github.com/loykin/freader/internal/tailer/tail_reader.go:110.21,113.5 1 11
github.com/loykin/freader/internal/tailer/tail_reader.go:114.4,114.19 1 0
github.com/loykin/freader/internal/tailer/tail_reader.go:119.60,120.33 1 1
github.com/loykin/freader/internal/tailer/tail_reader.go:120.33,122.3 1 0
github.com/loykin/freader/internal/tailer/tail_reader.go:123.2,125.6 2 1
github.com/loykin/freader/internal/tailer/tail_reader.go:125.6,126.10 1 9
github.com/loykin/freader/internal/tailer/tail_reader.go:127.19,128.14 1 1
github.com/loykin/freader/internal/tailer/tail_reader.go:129.11,131.18 2 8
github.com/loykin/freader/internal/tailer/tail_reader.go:131.18,132.22 1 3
github.com/loykin/freader/internal/tailer/tail_reader.go:132.22,134.14 2 3
github.com/loykin/freader/internal/tailer/tail_reader.go:136.5,136.15 1 0
github.com/loykin/freader/internal/tailer/tail_reader.go:139.4,140.22 2 5
github.com/loykin/freader/internal/tailer/tail_reader.go:140.22,142.5 1 5
github.com/loykin/freader/internal/tailer/tail_reader.go:147.60,148.33 1 9
github.com/loykin/freader/internal/tailer/tail_reader.go:148.33,150.3 1 1
github.com/loykin/freader/internal/tailer/tail_reader.go:151.2,153.6 2 8
github.com/loykin/freader/internal/tailer/tail_reader.go:153.6,155.17 2 1024
github.com/loykin/freader/internal/tailer/tail_reader.go:155.17,156.21 1 8
github.com/loykin/freader/internal/tailer/tail_reader.go:156.21,158.5 1 8
github.com/loykin/freader/internal/tailer/tail_reader.go:159.4,159.14 1 0
github.com/loykin/freader/internal/tailer/tail_reader.go:162.3,164.28 3 1016
github.com/loykin/freader/internal/tailer/tail_reader.go:164.28,166.4 1 1016
github.com/loykin/freader/internal/tailer/tail_reader.go:170.49,178.12 6 1
github.com/loykin/freader/internal/tailer/tail_reader.go:178.12,180.46 2 1
github.com/loykin/freader/internal/tailer/tail_reader.go:180.46,183.4 2 0
github.com/loykin/freader/internal/tailer/tail_reader.go:187.29,190.40 2 1
github.com/loykin/freader/internal/tailer/tail_reader.go:190.40,193.3 2 0
github.com/loykin/freader/internal/tailer/tail_reader.go:194.2,199.9 4 1
github.com/loykin/freader/internal/tailer/tail_reader.go:200.19,200.19 0 0
github.com/loykin/freader/internal/tailer/tail_reader.go:202.10,203.19 1 1
github.com/loykin/freader/internal/tailer/tail_reader.go:207.2,209.20 2 1
github.com/loykin/freader/internal/tailer/tail_reader.go:209.20,211.3 1 1
github.com/loykin/freader/internal/tailer/tail_reader.go:214.32,215.19 1 10
github.com/loykin/freader/internal/tailer/tail_reader.go:215.19,218.3 2 10
github.com/loykin/freader/internal/tailer/tail_reader.go:219.2,220.13 2 10
github.com/loykin/freader/internal/tailer/tail_reader.go:223.30,225.2 1 0
github.com/loykin/freader/internal/collector/collector.go:30.30,41.6 8 22
github.com/loykin/freader/internal/collector/collector.go:41.6,42.10 1 109
github.com/loykin/freader/internal/collector/collector.go:43.19,44.10 1 2
github.com/loykin/freader/internal/collector/collector.go:45.11,46.30 1 107
github.com/loykin/freader/internal/collector/collector.go:46.30,47.12 1 89
github.com/loykin/freader/internal/collector/collector.go:48.21,49.12 1 20
github.com/loykin/freader/internal/collector/collector.go:50.41,52.19 2 69
github.com/loykin/freader/internal/collector/collector.go:55.4,58.11 3 87
github.com/loykin/freader/internal/collector/collector.go:58.11,59.13 1 4
github.com/loykin/freader/internal/collector/collector.go:62.4,62.47 1 83
github.com/loykin/freader/internal/collector/collector.go:62.47,65.28 3 150
github.com/loykin/freader/internal/collector/collector.go:65.28,67.6 1 150
github.com/loykin/freader/internal/collector/collector.go:69.5,71.15 3 150
github.com/loykin/freader/internal/collector/collector.go:73.4,73.26 1 83
github.com/loykin/freader/internal/collector/collector.go:73.26,75.5 1 0
github.com/loykin/freader/internal/collector/collector.go:75.10,75.25 1 83
github.com/loykin/freader/internal/collector/collector.go:75.25,78.5 2 0
github.com/loykin/freader/internal/collector/collector.go:78.10,78.25 1 83
github.com/loykin/freader/internal/collector/collector.go:78.25,83.48 2 83
github.com/loykin/freader/internal/collector/collector.go:83.48,85.25 2 17
github.com/loykin/freader/internal/collector/collector.go:85.25,86.121 1 17
github.com/loykin/freader/internal/collector/collector.go:86.121,88.8 1 0
github.com/loykin/freader/internal/collector/collector.go:88.13,90.8 1 17
github.com/loykin/freader/internal/collector/collector.go:95.4,95.40 1 83
github.com/loykin/freader/internal/collector/collector.go:100.51,107.22 2 23
github.com/loykin/freader/internal/collector/collector.go:107.22,110.17 3 9
github.com/loykin/freader/internal/collector/collector.go:110.17,112.4 1 0
github.com/loykin/freader/internal/collector/collector.go:115.2,120.45 3 23
github.com/loykin/freader/internal/collector/collector.go:120.45,123.3 1 9
github.com/loykin/freader/internal/collector/collector.go:125.2,139.25 11 23
github.com/loykin/freader/internal/collector/collector.go:139.25,144.25 2 25
github.com/loykin/freader/internal/collector/collector.go:144.25,147.19 2 9
github.com/loykin/freader/internal/collector/collector.go:147.19,149.6 1 0
github.com/loykin/freader/internal/collector/collector.go:149.11,149.21 1 9
github.com/loykin/freader/internal/collector/collector.go:149.21,159.6 4 4
github.com/loykin/freader/internal/collector/collector.go:162.4,172.28 5 25
github.com/loykin/freader/internal/collector/collector.go:174.19,181.47 3 2
github.com/loykin/freader/internal/collector/collector.go:181.47,182.76 1 1
github.com/loykin/freader/internal/collector/collector.go:182.76,184.6 1 0
github.com/loykin/freader/internal/collector/collector.go:184.11,186.6 1 1
github.com/loykin/freader/internal/collector/collector.go:189.2,189.16 1 23
github.com/loykin/freader/internal/collector/collector.go:189.16,191.3 1 2
github.com/loykin/freader/internal/collector/collector.go:193.2,193.15 1 21
github.com/loykin/freader/internal/collector/collector.go:196.29,198.27 1 21
github.com/loykin/freader/internal/collector/collector.go:198.27,199.42 1 21
github.com/loykin/freader/internal/collector/collector.go:199.42,202.4 2 22
github.com/loykin/freader/internal/collector/collector.go:206.2,206.19 1 21
github.com/loykin/freader/internal/collector/collector.go:209.28,220.23 4 21
github.com/loykin/freader/internal/collector/collector.go:220.23,221.44 1 9
github.com/loykin/freader/internal/collector/collector.go:221.44,223.4 1 0
github.com/loykin/freader/internal/collector/config.go:22.28,29.2 6 0
github.com/loykin/freader/internal/collector/config.go:31.42,34.2 2 0
github.com/loykin/freader/internal/collector/config.go:37.35,39.25 1 0
github.com/loykin/freader/internal/collector/config.go:39.26,43.3 0 0
github.com/loykin/freader/internal/collector/config.go:45.2,55.22 2 0
github.com/loykin/freader/internal/collector/scheduler.go:19.40,25.2 1 30
github.com/loykin/freader/internal/collector/scheduler.go:27.43,31.41 3 5
github.com/loykin/freader/internal/collector/scheduler.go:31.41,36.23 4 4
github.com/loykin/freader/internal/collector/scheduler.go:36.23,38.23 2 2
github.com/loykin/freader/internal/collector/scheduler.go:38.23,40.5 1 2
github.com/loykin/freader/internal/collector/scheduler.go:45.40,50.2 3 91
github.com/loykin/freader/internal/collector/scheduler.go:52.82,56.21 3 131
github.com/loykin/freader/internal/collector/scheduler.go:56.21,57.39 1 131
github.com/loykin/freader/internal/collector/scheduler.go:57.39,60.4 2 0
github.com/loykin/freader/internal/collector/scheduler.go:63.2,66.21 3 131
github.com/loykin/freader/internal/collector/scheduler.go:66.21,68.3 1 25
github.com/loykin/freader/internal/collector/scheduler.go:71.44,75.30 3 139
github.com/loykin/freader/internal/collector/scheduler.go:75.30,77.3 1 138
github.com/loykin/freader/internal/collector/scheduler.go:80.71,84.28 3 144
github.com/loykin/freader/internal/collector/scheduler.go:84.28,86.3 1 4
github.com/loykin/freader/internal/collector/scheduler.go:88.2,89.6 2 140
github.com/loykin/freader/internal/collector/scheduler.go:89.6,90.22 1 140
github.com/loykin/freader/internal/collector/scheduler.go:90.22,92.4 1 48
github.com/loykin/freader/internal/collector/scheduler.go:94.3,94.62 1 140
github.com/loykin/freader/internal/collector/scheduler.go:94.62,95.74 1 140
github.com/loykin/freader/internal/collector/scheduler.go:95.74,99.5 3 139
github.com/loykin/freader/internal/collector/scheduler.go:102.3,104.30 2 1
github.com/loykin/freader/internal/collector/scheduler.go:104.30,105.9 1 1
github.com/loykin/freader/internal/collector/scheduler.go:109.2,109.19 1 1
