mode: atomic
github.com/loykin/freader/freader.go:32.36,32.65 1 0
github.com/loykin/freader/freader.go:35.53,35.100 1 0
github.com/loykin/freader/freader.go:57.51,59.2 1 0
github.com/loykin/freader/freader.go:64.53,66.2 1 0
github.com/loykin/freader/freader.go:70.54,71.71 1 0
github.com/loykin/freader/freader.go:71.71,73.3 1 0
github.com/loykin/freader/freader.go:74.2,75.16 2 0
github.com/loykin/freader/freader.go:75.16,77.3 1 0
github.com/loykin/freader/freader.go:78.2,78.22 1 0
github.com/loykin/freader/cmd/freader/config.go:47.58,54.50 5 0
github.com/loykin/freader/cmd/freader/config.go:54.50,56.3 1 0
github.com/loykin/freader/cmd/freader/config.go:59.2,59.24 1 0
github.com/loykin/freader/cmd/freader/config.go:59.24,62.3 1 0
github.com/loykin/freader/cmd/freader/config.go:63.2,63.24 1 0
github.com/loykin/freader/cmd/freader/config.go:63.24,65.42 2 0
github.com/loykin/freader/cmd/freader/config.go:65.42,67.4 1 0
github.com/loykin/freader/cmd/freader/config.go:71.2,71.39 1 0
github.com/loykin/freader/cmd/freader/config.go:71.39,73.3 1 0
github.com/loykin/freader/cmd/freader/config.go:77.2,77.43 1 0
github.com/loykin/freader/cmd/freader/config.go:77.43,78.44 1 0
github.com/loykin/freader/cmd/freader/config.go:78.44,86.45 2 0
github.com/loykin/freader/cmd/freader/config.go:86.45,88.5 1 0
github.com/loykin/freader/cmd/freader/config.go:90.4,90.109 1 0
github.com/loykin/freader/cmd/freader/config.go:90.109,92.17 2 0
github.com/loykin/freader/cmd/freader/config.go:92.17,94.24 1 0
github.com/loykin/freader/cmd/freader/config.go:94.24,96.7 1 0
github.com/loykin/freader/cmd/freader/config.go:97.6,97.32 1 0
github.com/loykin/freader/cmd/freader/config.go:97.32,99.7 1 0
github.com/loykin/freader/cmd/freader/config.go:100.6,100.36 1 0
github.com/loykin/freader/cmd/freader/config.go:100.36,102.7 1 0
github.com/loykin/freader/cmd/freader/config.go:103.6,103.26 1 0
github.com/loykin/freader/cmd/freader/config.go:103.26,105.7 1 0
github.com/loykin/freader/cmd/freader/config.go:108.5,112.31 5 0
github.com/loykin/freader/cmd/freader/config.go:117.2,117.12 1 0
github.com/loykin/freader/cmd/freader/config.go:121.30,144.2 9 0
github.com/loykin/freader/cmd/freader/config.go:147.49,173.2 12 0
github.com/loykin/freader/cmd/freader/config.go:176.35,178.21 1 0
github.com/loykin/freader/cmd/freader/config.go:179.57,179.57 0 0
github.com/loykin/freader/cmd/freader/config.go:181.10,182.58 1 0
github.com/loykin/freader/cmd/freader/config.go:184.2,184.23 1 0
github.com/loykin/freader/cmd/freader/config.go:184.23,185.28 1 0
github.com/loykin/freader/cmd/freader/config.go:185.28,187.4 1 0
github.com/loykin/freader/cmd/freader/config.go:188.3,188.32 1 0
github.com/loykin/freader/cmd/freader/config.go:188.32,190.4 1 0
github.com/loykin/freader/cmd/freader/config.go:192.3,192.22 1 0
github.com/loykin/freader/cmd/freader/config.go:193.18,194.52 1 0
github.com/loykin/freader/cmd/freader/config.go:194.52,196.5 1 0
github.com/loykin/freader/cmd/freader/config.go:197.15,198.49 1 0
github.com/loykin/freader/cmd/freader/config.go:198.49,200.5 1 0
github.com/loykin/freader/cmd/freader/config.go:201.21,202.55 1 0
github.com/loykin/freader/cmd/freader/config.go:202.55,204.5 1 0
github.com/loykin/freader/cmd/freader/config.go:205.21,206.55 1 0
github.com/loykin/freader/cmd/freader/config.go:206.55,208.5 1 0
github.com/loykin/freader/cmd/freader/config.go:213.2,213.52 1 0
github.com/loykin/freader/cmd/freader/config.go:213.52,215.3 1 0
github.com/loykin/freader/cmd/freader/config.go:218.2,218.47 1 0
github.com/loykin/freader/cmd/freader/config.go:218.47,220.3 1 0
github.com/loykin/freader/cmd/freader/config.go:222.2,222.12 1 0
github.com/loykin/freader/cmd/freader/main.go:17.13,46.58 2 0
github.com/loykin/freader/cmd/freader/main.go:46.58,48.52 1 0
github.com/loykin/freader/cmd/freader/main.go:48.52,50.5 1 0
github.com/loykin/freader/cmd/freader/main.go:51.4,51.28 1 0
github.com/loykin/freader/cmd/freader/main.go:53.55,55.4 1 0
github.com/loykin/freader/cmd/freader/main.go:59.2,61.42 2 0
github.com/loykin/freader/cmd/freader/main.go:61.42,64.3 2 0
github.com/loykin/freader/cmd/freader/main.go:67.41,69.33 1 0
github.com/loykin/freader/cmd/freader/main.go:69.33,69.47 1 0
github.com/loykin/freader/cmd/freader/main.go:70.2,70.30 1 0
github.com/loykin/freader/cmd/freader/main.go:70.30,72.79 1 0
github.com/loykin/freader/cmd/freader/main.go:72.79,74.4 1 0
github.com/loykin/freader/cmd/freader/main.go:75.3,75.75 1 0
github.com/loykin/freader/cmd/freader/main.go:75.75,77.4 1 0
github.com/loykin/freader/cmd/freader/main.go:78.3,79.17 2 0
github.com/loykin/freader/cmd/freader/main.go:79.17,81.4 1 0
github.com/loykin/freader/cmd/freader/main.go:82.3,82.23 1 0
github.com/loykin/freader/cmd/freader/main.go:86.2,87.16 2 0
github.com/loykin/freader/cmd/freader/main.go:87.16,89.3 1 0
github.com/loykin/freader/cmd/freader/main.go:90.2,90.17 1 0
github.com/loykin/freader/cmd/freader/main.go:90.17,91.16 1 0
github.com/loykin/freader/cmd/freader/main.go:91.16,91.35 1 0
github.com/loykin/freader/cmd/freader/main.go:95.2,96.37 2 0
github.com/loykin/freader/cmd/freader/main.go:96.37,97.18 1 0
github.com/loykin/freader/cmd/freader/main.go:97.18,102.4 2 0
github.com/loykin/freader/cmd/freader/main.go:104.3,104.20 1 0
github.com/loykin/freader/cmd/freader/main.go:108.2,109.16 2 0
github.com/loykin/freader/cmd/freader/main.go:109.16,112.3 2 0
github.com/loykin/freader/cmd/freader/main.go:115.2,129.12 9 0
github.com/loykin/freader/cmd/freader/sink.go:18.43,19.23 1 0
github.com/loykin/freader/cmd/freader/sink.go:20.10,21.18 1 0
github.com/loykin/freader/cmd/freader/sink.go:22.17,24.114 2 0
github.com/loykin/freader/cmd/freader/sink.go:25.14,33.17 2 0
github.com/loykin/freader/cmd/freader/sink.go:33.17,35.4 1 0
github.com/loykin/freader/cmd/freader/sink.go:36.3,36.16 1 0
github.com/loykin/freader/cmd/freader/sink.go:37.20,39.17 2 0
github.com/loykin/freader/cmd/freader/sink.go:39.17,40.43 1 0
github.com/loykin/freader/cmd/freader/sink.go:40.43,42.5 1 0
github.com/loykin/freader/cmd/freader/sink.go:44.3,57.17 2 0
github.com/loykin/freader/cmd/freader/sink.go:57.17,59.4 1 0
github.com/loykin/freader/cmd/freader/sink.go:60.3,60.16 1 0
github.com/loykin/freader/cmd/freader/sink.go:61.20,63.17 2 0
github.com/loykin/freader/cmd/freader/sink.go:63.17,64.43 1 0
github.com/loykin/freader/cmd/freader/sink.go:64.43,66.5 1 0
github.com/loykin/freader/cmd/freader/sink.go:68.3,80.17 2 0
github.com/loykin/freader/cmd/freader/sink.go:80.17,82.4 1 0
github.com/loykin/freader/cmd/freader/sink.go:83.3,83.16 1 0
github.com/loykin/freader/cmd/freader/sink.go:84.10,85.64 1 0
github.com/loykin/freader/cmd/freader/metrics/metrics.go:72.46,76.31 2 0
github.com/loykin/freader/cmd/freader/metrics/metrics.go:76.31,77.39 1 0
github.com/loykin/freader/cmd/freader/metrics/metrics.go:77.39,79.32 2 0
github.com/loykin/freader/cmd/freader/metrics/metrics.go:79.32,80.13 1 0
github.com/loykin/freader/cmd/freader/metrics/metrics.go:82.4,82.14 1 0
github.com/loykin/freader/cmd/freader/metrics/metrics.go:85.2,85.12 1 0
github.com/loykin/freader/cmd/freader/metrics/metrics.go:89.32,90.16 1 0
github.com/loykin/freader/cmd/freader/metrics/metrics.go:90.16,92.3 1 0
github.com/loykin/freader/cmd/freader/metrics/metrics.go:93.2,93.43 1 0
github.com/loykin/freader/cmd/freader/metrics/metrics.go:97.39,98.16 1 0
github.com/loykin/freader/cmd/freader/metrics/metrics.go:98.16,100.3 1 0
github.com/loykin/freader/cmd/freader/metrics/metrics.go:101.2,101.18 1 0
github.com/loykin/freader/cmd/freader/metrics/metrics.go:101.18,103.3 1 0
github.com/loykin/freader/cmd/freader/metrics/metrics.go:104.2,104.50 1 0
github.com/loykin/freader/cmd/freader/metrics/metrics.go:108.79,109.16 1 0
github.com/loykin/freader/cmd/freader/metrics/metrics.go:109.16,111.3 1 0
github.com/loykin/freader/cmd/freader/metrics/metrics.go:112.2,112.14 1 0
github.com/loykin/freader/cmd/freader/metrics/metrics.go:112.14,115.3 2 0
github.com/loykin/freader/cmd/freader/metrics/metrics.go:116.2,117.14 2 0
github.com/loykin/freader/cmd/freader/metrics/metrics.go:117.14,119.3 1 0
github.com/loykin/freader/cmd/freader/sink/file/config.go:10.34,11.18 1 0
github.com/loykin/freader/cmd/freader/sink/file/config.go:11.18,13.3 1 0
github.com/loykin/freader/cmd/freader/sink/file/config.go:14.2,14.12 1 0
github.com/loykin/freader/cmd/freader/sink/clickhouse/clickhouse.go:26.178,27.31 1 1
github.com/loykin/freader/cmd/freader/sink/clickhouse/clickhouse.go:27.31,29.3 1 1
github.com/loykin/freader/cmd/freader/sink/clickhouse/clickhouse.go:31.2,32.35 2 0
github.com/loykin/freader/cmd/freader/sink/clickhouse/clickhouse.go:32.35,34.17 2 0
github.com/loykin/freader/cmd/freader/sink/clickhouse/clickhouse.go:34.17,36.4 1 0
github.com/loykin/freader/cmd/freader/sink/clickhouse/clickhouse.go:37.3,40.13 4 0
github.com/loykin/freader/cmd/freader/sink/clickhouse/clickhouse.go:40.13,42.4 1 0
github.com/loykin/freader/cmd/freader/sink/clickhouse/clickhouse.go:43.8,45.3 1 0
github.com/loykin/freader/cmd/freader/sink/clickhouse/clickhouse.go:47.2,47.62 1 0
github.com/loykin/freader/cmd/freader/sink/clickhouse/clickhouse.go:47.62,49.3 1 0
github.com/loykin/freader/cmd/freader/sink/clickhouse/clickhouse.go:51.2,52.16 2 0
github.com/loykin/freader/cmd/freader/sink/clickhouse/clickhouse.go:52.16,54.3 1 0
github.com/loykin/freader/cmd/freader/sink/clickhouse/clickhouse.go:55.2,64.15 3 0
github.com/loykin/freader/cmd/freader/sink/clickhouse/clickhouse.go:67.24,69.12 2 0
github.com/loykin/freader/cmd/freader/sink/clickhouse/clickhouse.go:69.12,74.19 5 0
github.com/loykin/freader/cmd/freader/sink/clickhouse/clickhouse.go:74.19,75.21 1 0
github.com/loykin/freader/cmd/freader/sink/clickhouse/clickhouse.go:75.21,77.5 1 0
github.com/loykin/freader/cmd/freader/sink/clickhouse/clickhouse.go:78.4,78.39 1 0
github.com/loykin/freader/cmd/freader/sink/clickhouse/clickhouse.go:78.39,80.5 1 0
github.com/loykin/freader/cmd/freader/sink/clickhouse/clickhouse.go:81.4,81.17 1 0
github.com/loykin/freader/cmd/freader/sink/clickhouse/clickhouse.go:83.3,83.7 1 0
github.com/loykin/freader/cmd/freader/sink/clickhouse/clickhouse.go:83.7,84.11 1 0
github.com/loykin/freader/cmd/freader/sink/clickhouse/clickhouse.go:85.28,87.11 2 0
github.com/loykin/freader/cmd/freader/sink/clickhouse/clickhouse.go:88.20,89.12 1 0
github.com/loykin/freader/cmd/freader/sink/clickhouse/clickhouse.go:90.32,92.40 2 0
github.com/loykin/freader/cmd/freader/sink/clickhouse/clickhouse.go:92.40,94.6 1 0
github.com/loykin/freader/cmd/freader/sink/clickhouse/clickhouse.go:100.29,101.31 1 0
github.com/loykin/freader/cmd/freader/sink/clickhouse/clickhouse.go:101.31,101.58 1 0
github.com/loykin/freader/cmd/freader/sink/clickhouse/clickhouse.go:102.2,103.12 2 0
github.com/loykin/freader/cmd/freader/sink/clickhouse/clickhouse.go:106.37,106.64 1 0
github.com/loykin/freader/cmd/freader/sink/clickhouse/clickhouse.go:108.44,112.53 4 0
github.com/loykin/freader/cmd/freader/sink/clickhouse/clickhouse.go:112.53,114.3 1 0
github.com/loykin/freader/cmd/freader/sink/clickhouse/clickhouse.go:115.2,117.16 3 0
github.com/loykin/freader/cmd/freader/sink/clickhouse/clickhouse.go:117.16,120.3 2 0
github.com/loykin/freader/cmd/freader/sink/clickhouse/clickhouse.go:121.2,121.27 1 0
github.com/loykin/freader/cmd/freader/sink/clickhouse/clickhouse.go:121.27,122.72 1 0
github.com/loykin/freader/cmd/freader/sink/clickhouse/clickhouse.go:122.72,125.4 2 0
github.com/loykin/freader/cmd/freader/sink/clickhouse/clickhouse.go:127.2,129.12 3 0
github.com/loykin/freader/cmd/freader/sink/clickhouse/config.go:14.34,15.35 1 0
github.com/loykin/freader/cmd/freader/sink/clickhouse/config.go:15.35,17.3 1 0
github.com/loykin/freader/cmd/freader/sink/clickhouse/config.go:18.2,18.12 1 0
github.com/loykin/freader/cmd/freader/sink/clickhouse/migrations.go:18.57,20.16 2 1
github.com/loykin/freader/cmd/freader/sink/clickhouse/migrations.go:20.16,22.3 1 0
github.com/loykin/freader/cmd/freader/sink/clickhouse/migrations.go:23.2,23.23 1 1
github.com/loykin/freader/cmd/freader/sink/clickhouse/migrations.go:27.68,30.15 2 0
github.com/loykin/freader/cmd/freader/sink/clickhouse/migrations.go:30.15,30.33 1 0
github.com/loykin/freader/cmd/freader/sink/clickhouse/migrations.go:31.2,31.34 1 0
github.com/loykin/freader/cmd/freader/sink/clickhouse/migrations.go:31.34,33.3 1 0
github.com/loykin/freader/cmd/freader/sink/clickhouse/migrations.go:34.2,34.55 1 0
github.com/loykin/freader/cmd/freader/sink/clickhouse/migrations.go:34.55,36.3 1 0
github.com/loykin/freader/cmd/freader/sink/clickhouse/migrations.go:38.2,39.16 2 0
github.com/loykin/freader/cmd/freader/sink/clickhouse/migrations.go:39.16,41.3 1 0
github.com/loykin/freader/cmd/freader/sink/clickhouse/migrations.go:42.2,42.15 1 0
github.com/loykin/freader/cmd/freader/sink/clickhouse/migrations.go:42.15,42.43 1 0
github.com/loykin/freader/cmd/freader/sink/clickhouse/migrations.go:44.2,45.57 2 0
github.com/loykin/freader/cmd/freader/sink/clickhouse/migrations.go:45.57,47.3 1 0
github.com/loykin/freader/cmd/freader/sink/clickhouse/migrations.go:48.2,49.16 2 0
github.com/loykin/freader/cmd/freader/sink/clickhouse/migrations.go:49.16,51.3 1 0
github.com/loykin/freader/cmd/freader/sink/clickhouse/migrations.go:52.2,52.28 1 0
github.com/loykin/freader/cmd/freader/sink/clickhouse/migrations.go:52.28,53.16 1 0
github.com/loykin/freader/cmd/freader/sink/clickhouse/migrations.go:53.16,54.12 1 0
github.com/loykin/freader/cmd/freader/sink/clickhouse/migrations.go:56.3,58.17 3 0
github.com/loykin/freader/cmd/freader/sink/clickhouse/migrations.go:58.17,60.4 1 0
github.com/loykin/freader/cmd/freader/sink/clickhouse/migrations.go:61.3,62.91 2 0
github.com/loykin/freader/cmd/freader/sink/clickhouse/migrations.go:62.91,64.4 1 0
github.com/loykin/freader/cmd/freader/sink/clickhouse/migrations.go:66.2,66.45 1 0
github.com/loykin/freader/cmd/freader/sink/clickhouse/migrations.go:66.45,68.3 1 0
github.com/loykin/freader/cmd/freader/sink/clickhouse/migrations.go:69.2,69.12 1 0
github.com/loykin/freader/cmd/freader/sink/common/batcher.go:23.101,32.2 1 2
github.com/loykin/freader/cmd/freader/sink/common/batcher.go:34.40,35.27 1 6
github.com/loykin/freader/cmd/freader/sink/common/batcher.go:35.27,38.3 2 2
github.com/loykin/freader/cmd/freader/sink/common/batcher.go:39.2,39.9 1 4
github.com/loykin/freader/cmd/freader/sink/common/batcher.go:40.20,41.34 1 3
github.com/loykin/freader/cmd/freader/sink/common/batcher.go:42.10,45.48 2 1
github.com/loykin/freader/cmd/freader/sink/common/filter.go:11.42,12.25 1 15
github.com/loykin/freader/cmd/freader/sink/common/filter.go:12.25,14.34 2 8
github.com/loykin/freader/cmd/freader/sink/common/filter.go:14.34,15.48 1 8
github.com/loykin/freader/cmd/freader/sink/common/filter.go:15.48,17.10 2 5
github.com/loykin/freader/cmd/freader/sink/common/filter.go:20.3,20.10 1 8
github.com/loykin/freader/cmd/freader/sink/common/filter.go:20.10,22.4 1 3
github.com/loykin/freader/cmd/freader/sink/common/filter.go:24.2,24.33 1 12
github.com/loykin/freader/cmd/freader/sink/common/filter.go:24.33,25.47 1 8
github.com/loykin/freader/cmd/freader/sink/common/filter.go:25.47,27.4 1 4
github.com/loykin/freader/cmd/freader/sink/common/filter.go:29.2,29.13 1 8
github.com/loykin/freader/cmd/freader/sink/console/config.go:11.34,12.20 1 0
github.com/loykin/freader/cmd/freader/sink/console/config.go:12.20,14.3 1 0
github.com/loykin/freader/cmd/freader/sink/console/config.go:15.2,15.50 1 0
github.com/loykin/freader/cmd/freader/sink/console/config.go:15.50,17.3 1 0
github.com/loykin/freader/cmd/freader/sink/console/config.go:18.2,18.12 1 0
github.com/loykin/freader/cmd/freader/sink/console/console.go:23.110,25.24 2 2
github.com/loykin/freader/cmd/freader/sink/console/console.go:25.24,27.3 1 1
github.com/loykin/freader/cmd/freader/sink/console/console.go:28.2,30.10 3 2
github.com/loykin/freader/cmd/freader/sink/console/console.go:40.121,41.16 1 0
github.com/loykin/freader/cmd/freader/sink/console/console.go:41.16,43.3 1 0
github.com/loykin/freader/cmd/freader/sink/console/console.go:44.2,46.15 3 0
github.com/loykin/freader/cmd/freader/sink/console/console.go:49.28,51.12 2 0
github.com/loykin/freader/cmd/freader/sink/console/console.go:51.12,55.17 4 0
github.com/loykin/freader/cmd/freader/sink/console/console.go:55.17,58.4 2 0
github.com/loykin/freader/cmd/freader/sink/console/console.go:59.3,62.19 4 0
github.com/loykin/freader/cmd/freader/sink/console/console.go:62.19,63.21 1 0
github.com/loykin/freader/cmd/freader/sink/console/console.go:63.21,65.5 1 0
github.com/loykin/freader/cmd/freader/sink/console/console.go:66.4,67.27 2 0
github.com/loykin/freader/cmd/freader/sink/console/console.go:67.27,69.5 1 0
github.com/loykin/freader/cmd/freader/sink/console/console.go:70.4,71.17 2 0
github.com/loykin/freader/cmd/freader/sink/console/console.go:73.3,73.7 1 0
github.com/loykin/freader/cmd/freader/sink/console/console.go:73.7,74.11 1 0
github.com/loykin/freader/cmd/freader/sink/console/console.go:75.28,77.11 2 0
github.com/loykin/freader/cmd/freader/sink/console/console.go:78.20,79.12 1 0
github.com/loykin/freader/cmd/freader/sink/console/console.go:80.32,82.40 2 0
github.com/loykin/freader/cmd/freader/sink/console/console.go:82.40,84.6 1 0
github.com/loykin/freader/cmd/freader/sink/console/console.go:90.41,90.68 1 0
github.com/loykin/freader/cmd/freader/sink/console/console.go:92.33,93.31 1 0
github.com/loykin/freader/cmd/freader/sink/console/console.go:93.31,93.58 1 0
github.com/loykin/freader/cmd/freader/sink/console/console.go:94.2,95.16 2 0
github.com/loykin/freader/cmd/freader/sink/console/console.go:95.16,97.3 1 0
github.com/loykin/freader/cmd/freader/sink/console/console.go:98.2,98.12 1 0
github.com/loykin/freader/cmd/freader/sink/console/console.go:101.30,103.12 2 4
github.com/loykin/freader/cmd/freader/sink/console/console.go:103.12,108.19 5 4
github.com/loykin/freader/cmd/freader/sink/console/console.go:108.19,109.21 1 17
github.com/loykin/freader/cmd/freader/sink/console/console.go:109.21,111.5 1 13
github.com/loykin/freader/cmd/freader/sink/console/console.go:112.4,113.27 2 4
github.com/loykin/freader/cmd/freader/sink/console/console.go:113.27,115.5 1 7
github.com/loykin/freader/cmd/freader/sink/console/console.go:116.4,117.17 2 4
github.com/loykin/freader/cmd/freader/sink/console/console.go:119.3,119.7 1 4
github.com/loykin/freader/cmd/freader/sink/console/console.go:119.7,120.11 1 21
github.com/loykin/freader/cmd/freader/sink/console/console.go:121.28,123.11 2 4
github.com/loykin/freader/cmd/freader/sink/console/console.go:124.20,125.12 1 10
github.com/loykin/freader/cmd/freader/sink/console/console.go:126.32,128.40 2 7
github.com/loykin/freader/cmd/freader/sink/console/console.go:128.40,130.6 1 3
github.com/loykin/freader/cmd/freader/sink/console/console.go:136.43,136.70 1 7
github.com/loykin/freader/cmd/freader/sink/console/console.go:138.35,139.31 1 4
github.com/loykin/freader/cmd/freader/sink/console/console.go:139.31,139.58 1 4
github.com/loykin/freader/cmd/freader/sink/console/console.go:140.2,141.12 2 4
github.com/loykin/freader/cmd/freader/sink/opensearch/config.go:13.34,14.34 1 0
github.com/loykin/freader/cmd/freader/sink/opensearch/config.go:14.34,16.3 1 0
github.com/loykin/freader/cmd/freader/sink/opensearch/config.go:17.2,17.12 1 0
github.com/loykin/freader/cmd/freader/sink/opensearch/opensearch.go:25.171,26.34 1 2
github.com/loykin/freader/cmd/freader/sink/opensearch/opensearch.go:26.34,28.3 1 1
github.com/loykin/freader/cmd/freader/sink/opensearch/opensearch.go:29.2,30.16 2 1
github.com/loykin/freader/cmd/freader/sink/opensearch/opensearch.go:30.16,33.3 2 0
github.com/loykin/freader/cmd/freader/sink/opensearch/opensearch.go:34.2,35.16 2 1
github.com/loykin/freader/cmd/freader/sink/opensearch/opensearch.go:35.16,37.3 1 0
github.com/loykin/freader/cmd/freader/sink/opensearch/opensearch.go:38.2,46.15 3 1
github.com/loykin/freader/cmd/freader/sink/opensearch/opensearch.go:49.24,51.12 2 1
github.com/loykin/freader/cmd/freader/sink/opensearch/opensearch.go:51.12,56.19 5 1
github.com/loykin/freader/cmd/freader/sink/opensearch/opensearch.go:56.19,57.21 1 4
github.com/loykin/freader/cmd/freader/sink/opensearch/opensearch.go:57.21,59.5 1 3
github.com/loykin/freader/cmd/freader/sink/opensearch/opensearch.go:60.4,60.39 1 1
github.com/loykin/freader/cmd/freader/sink/opensearch/opensearch.go:60.39,62.5 1 0
github.com/loykin/freader/cmd/freader/sink/opensearch/opensearch.go:63.4,63.17 1 1
github.com/loykin/freader/cmd/freader/sink/opensearch/opensearch.go:65.3,65.7 1 1
github.com/loykin/freader/cmd/freader/sink/opensearch/opensearch.go:65.7,66.11 1 5
github.com/loykin/freader/cmd/freader/sink/opensearch/opensearch.go:67.28,69.11 2 1
github.com/loykin/freader/cmd/freader/sink/opensearch/opensearch.go:70.20,71.12 1 3
github.com/loykin/freader/cmd/freader/sink/opensearch/opensearch.go:72.32,74.40 2 1
github.com/loykin/freader/cmd/freader/sink/opensearch/opensearch.go:74.40,76.6 1 0
github.com/loykin/freader/cmd/freader/sink/opensearch/opensearch.go:82.29,83.31 1 1
github.com/loykin/freader/cmd/freader/sink/opensearch/opensearch.go:83.31,83.58 1 1
github.com/loykin/freader/cmd/freader/sink/opensearch/opensearch.go:84.2,85.12 2 1
github.com/loykin/freader/cmd/freader/sink/opensearch/opensearch.go:88.37,88.64 1 1
github.com/loykin/freader/cmd/freader/sink/opensearch/opensearch.go:90.44,98.16 5 1
github.com/loykin/freader/cmd/freader/sink/opensearch/opensearch.go:98.16,101.3 2 0
github.com/loykin/freader/cmd/freader/sink/opensearch/opensearch.go:102.2,102.27 1 1
github.com/loykin/freader/cmd/freader/sink/opensearch/opensearch.go:102.27,114.134 3 1
github.com/loykin/freader/cmd/freader/sink/opensearch/opensearch.go:114.134,115.19 1 0
github.com/loykin/freader/cmd/freader/sink/opensearch/opensearch.go:115.19,118.6 2 0
github.com/loykin/freader/cmd/freader/sink/opensearch/opensearch.go:119.5,119.90 1 0
github.com/loykin/freader/cmd/freader/sink/opensearch/opensearch.go:122.3,122.17 1 1
github.com/loykin/freader/cmd/freader/sink/opensearch/opensearch.go:122.17,125.4 2 0
github.com/loykin/freader/cmd/freader/sink/opensearch/opensearch.go:127.2,127.38 1 1
github.com/loykin/freader/cmd/freader/sink/opensearch/opensearch.go:127.38,130.3 2 0
github.com/loykin/freader/cmd/freader/sink/opensearch/opensearch.go:131.2,132.25 2 1
github.com/loykin/freader/cmd/freader/sink/opensearch/opensearch.go:132.25,135.3 2 0
github.com/loykin/freader/cmd/freader/sink/opensearch/opensearch.go:136.2,137.12 2 1
github.com/loykin/freader/internal/metrics/collector_metrics.go:44.46,48.31 2 0
github.com/loykin/freader/internal/metrics/collector_metrics.go:48.31,49.39 1 0
github.com/loykin/freader/internal/metrics/collector_metrics.go:49.39,51.47 2 0
github.com/loykin/freader/internal/metrics/collector_metrics.go:51.47,52.13 1 0
github.com/loykin/freader/internal/metrics/collector_metrics.go:54.4,54.14 1 0
github.com/loykin/freader/internal/metrics/collector_metrics.go:57.2,57.12 1 0
github.com/loykin/freader/internal/metrics/collector_metrics.go:61.22,62.11 1 0
github.com/loykin/freader/internal/metrics/collector_metrics.go:62.11,64.3 1 0
github.com/loykin/freader/internal/metrics/collector_metrics.go:68.22,69.11 1 0
github.com/loykin/freader/internal/metrics/collector_metrics.go:69.11,71.3 1 0
github.com/loykin/freader/internal/metrics/collector_metrics.go:75.22,75.43 1 0
github.com/loykin/freader/internal/metrics/collector_metrics.go:78.21,78.45 1 0
github.com/loykin/freader/internal/metrics/collector_metrics.go:81.23,81.44 1 0
github.com/loykin/freader/internal/metrics/collector_metrics.go:84.23,84.44 1 0
github.com/loykin/freader/internal/metrics/collector_metrics.go:87.27,87.57 1 0
github.com/loykin/freader/internal/metrics/metrics.go:21.42,31.12 4 0
github.com/loykin/freader/internal/metrics/metrics.go:31.12,33.3 1 0
github.com/loykin/freader/internal/metrics/metrics.go:35.2,35.34 1 0
github.com/loykin/freader/internal/metrics/metrics.go:39.31,40.33 1 0
github.com/loykin/freader/internal/metrics/metrics.go:40.33,42.3 1 0
github.com/loykin/freader/internal/metrics/metrics.go:43.2,45.31 3 0
github.com/loykin/freader/internal/file_tracker/errors.go:13.48,15.2 1 3
github.com/loykin/freader/internal/file_tracker/errors.go:18.41,21.2 2 2
github.com/loykin/freader/internal/file_tracker/errors.go:28.54,28.100 1 0
github.com/loykin/freader/internal/file_tracker/errors.go:36.47,38.2 1 0
github.com/loykin/freader/internal/file_tracker/errors.go:47.51,49.2 1 0
github.com/loykin/freader/internal/file_tracker/errors.go:51.44,54.2 2 1
github.com/loykin/freader/internal/file_tracker/file_id_linux.go:11.50,13.9 2 4
github.com/loykin/freader/internal/file_tracker/file_id_linux.go:13.9,15.3 1 0
github.com/loykin/freader/internal/file_tracker/file_id_linux.go:17.2,17.62 1 4
github.com/loykin/freader/internal/file_tracker/file_tracker.go:10.25,15.2 2 6
github.com/loykin/freader/internal/file_tracker/file_tracker.go:19.123,25.21 4 119
github.com/loykin/freader/internal/file_tracker/file_tracker.go:25.21,27.3 1 1
github.com/loykin/freader/internal/file_tracker/file_tracker.go:29.2,34.3 1 119
github.com/loykin/freader/internal/file_tracker/file_tracker.go:37.55,41.36 3 109
github.com/loykin/freader/internal/file_tracker/file_tracker.go:41.36,43.3 1 95
github.com/loykin/freader/internal/file_tracker/file_tracker.go:45.2,45.12 1 14
github.com/loykin/freader/internal/file_tracker/file_tracker.go:48.45,53.2 3 57
github.com/loykin/freader/internal/file_tracker/file_tracker.go:55.70,59.44 3 2
github.com/loykin/freader/internal/file_tracker/file_tracker.go:59.44,63.3 3 1
github.com/loykin/freader/internal/file_tracker/file_tracker.go:64.2,64.14 1 1
github.com/loykin/freader/internal/file_tracker/file_tracker.go:67.60,72.31 4 12
github.com/loykin/freader/internal/file_tracker/file_tracker.go:72.31,74.3 1 78
github.com/loykin/freader/internal/file_tracker/file_tracker.go:75.2,75.15 1 12
github.com/loykin/freader/internal/file_tracker/fingerprint.go:13.78,15.16 2 6
github.com/loykin/freader/internal/file_tracker/fingerprint.go:15.16,17.3 1 1
github.com/loykin/freader/internal/file_tracker/fingerprint.go:18.2,18.15 1 5
github.com/loykin/freader/internal/file_tracker/fingerprint.go:18.15,18.35 1 5
github.com/loykin/freader/internal/file_tracker/fingerprint.go:20.2,20.43 1 5
github.com/loykin/freader/internal/file_tracker/fingerprint.go:26.72,28.16 2 9
github.com/loykin/freader/internal/file_tracker/fingerprint.go:28.16,30.3 1 0
github.com/loykin/freader/internal/file_tracker/fingerprint.go:32.2,32.28 1 9
github.com/loykin/freader/internal/file_tracker/fingerprint.go:32.28,37.3 1 2
github.com/loykin/freader/internal/file_tracker/fingerprint.go:39.2,40.18 2 7
github.com/loykin/freader/internal/file_tracker/fingerprint.go:40.18,42.3 1 6
github.com/loykin/freader/internal/file_tracker/fingerprint.go:44.2,45.49 2 7
github.com/loykin/freader/internal/file_tracker/fingerprint.go:45.49,47.3 1 1
github.com/loykin/freader/internal/file_tracker/fingerprint.go:49.2,49.47 1 6
github.com/loykin/freader/internal/file_tracker/fingerprint.go:52.101,54.16 2 4
github.com/loykin/freader/internal/file_tracker/fingerprint.go:54.16,56.14 2 9
github.com/loykin/freader/internal/file_tracker/fingerprint.go:56.14,58.4 1 1
github.com/loykin/freader/internal/file_tracker/fingerprint.go:59.3,61.17 3 8
github.com/loykin/freader/internal/file_tracker/fingerprint.go:61.17,63.4 1 3
github.com/loykin/freader/internal/file_tracker/fingerprint.go:64.3,64.25 1 5
github.com/loykin/freader/internal/file_tracker/fingerprint.go:66.2,66.24 1 0
github.com/loykin/freader/internal/file_tracker/fingerprint.go:69.46,70.17 1 1
github.com/loykin/freader/internal/file_tracker/fingerprint.go:70.17,72.3 1 0
github.com/loykin/freader/internal/file_tracker/fingerprint.go:73.2,73.24 1 1
github.com/loykin/freader/internal/file_tracker/fingerprint.go:73.24,75.3 1 1
github.com/loykin/freader/internal/file_tracker/fingerprint.go:76.2,76.10 1 0
github.com/loykin/freader/internal/file_tracker/fingerprint.go:79.45,82.2 2 3
github.com/loykin/freader/internal/file_tracker/fingerprint.go:88.91,89.15 1 4
github.com/loykin/freader/internal/file_tracker/fingerprint.go:89.15,91.3 1 0
github.com/loykin/freader/internal/file_tracker/fingerprint.go:92.2,92.12 1 4
github.com/loykin/freader/internal/file_tracker/fingerprint.go:92.12,94.3 1 0
github.com/loykin/freader/internal/file_tracker/fingerprint.go:95.2,95.54 1 4
github.com/loykin/freader/internal/file_tracker/fingerprint.go:95.54,97.3 1 0
github.com/loykin/freader/internal/file_tracker/fingerprint.go:99.2,105.6 6 4
github.com/loykin/freader/internal/file_tracker/fingerprint.go:105.6,107.13 2 5
github.com/loykin/freader/internal/file_tracker/fingerprint.go:107.13,111.10 4 4
github.com/loykin/freader/internal/file_tracker/fingerprint.go:111.10,113.5 1 3
github.com/loykin/freader/internal/file_tracker/fingerprint.go:115.4,115.55 1 1
github.com/loykin/freader/internal/file_tracker/fingerprint.go:117.3,117.17 1 2
github.com/loykin/freader/internal/file_tracker/fingerprint.go:117.17,118.21 1 1
github.com/loykin/freader/internal/file_tracker/fingerprint.go:118.21,120.5 1 1
github.com/loykin/freader/internal/file_tracker/fingerprint.go:121.4,121.18 1 0
github.com/loykin/freader/internal/file_tracker/fingerprint.go:127.90,129.16 2 4
github.com/loykin/freader/internal/file_tracker/fingerprint.go:129.16,131.3 1 0
github.com/loykin/freader/internal/file_tracker/fingerprint.go:132.2,132.15 1 4
github.com/loykin/freader/internal/file_tracker/fingerprint.go:132.15,132.32 1 4
github.com/loykin/freader/internal/file_tracker/fingerprint.go:133.2,133.54 1 4
github.com/loykin/freader/internal/file_tracker/utils.go:5.53,7.16 2 4
github.com/loykin/freader/internal/file_tracker/utils.go:7.16,9.3 1 0
github.com/loykin/freader/internal/file_tracker/utils.go:11.2,11.24 1 4
github.com/loykin/freader/internal/store/migrations.go:13.23,15.2 1 3
github.com/loykin/freader/internal/store/sqlite_store.go:35.51,37.44 1 4
github.com/loykin/freader/internal/store/sqlite_store.go:37.44,38.40 1 4
github.com/loykin/freader/internal/store/sqlite_store.go:38.40,40.4 1 1
github.com/loykin/freader/internal/store/sqlite_store.go:44.2,45.16 2 3
github.com/loykin/freader/internal/store/sqlite_store.go:45.16,47.3 1 0
github.com/loykin/freader/internal/store/sqlite_store.go:50.2,53.52 2 3
github.com/loykin/freader/internal/store/sqlite_store.go:53.52,56.3 2 0
github.com/loykin/freader/internal/store/sqlite_store.go:58.2,60.51 2 3
github.com/loykin/freader/internal/store/sqlite_store.go:60.51,63.3 2 0
github.com/loykin/freader/internal/store/sqlite_store.go:65.2,65.34 1 3
github.com/loykin/freader/internal/store/sqlite_store.go:68.93,78.16 2 6
github.com/loykin/freader/internal/store/sqlite_store.go:78.16,80.3 1 0
github.com/loykin/freader/internal/store/sqlite_store.go:82.2,82.12 1 6
github.com/loykin/freader/internal/store/sqlite_store.go:85.81,91.42 3 7
github.com/loykin/freader/internal/store/sqlite_store.go:91.42,92.36 1 2
github.com/loykin/freader/internal/store/sqlite_store.go:92.36,94.4 1 2
github.com/loykin/freader/internal/store/sqlite_store.go:95.3,95.64 1 0
github.com/loykin/freader/internal/store/sqlite_store.go:98.2,98.26 1 5
github.com/loykin/freader/internal/store/sqlite_store.go:101.68,106.16 2 1
github.com/loykin/freader/internal/store/sqlite_store.go:106.16,108.3 1 0
github.com/loykin/freader/internal/store/sqlite_store.go:110.2,110.12 1 1
github.com/loykin/freader/internal/store/sqlite_store.go:113.37,115.2 1 3
github.com/loykin/freader/internal/store/sqlite_store.go:118.34,120.2 1 4
github.com/loykin/freader/internal/watcher/config.go:21.34,22.31 1 14
github.com/loykin/freader/internal/watcher/config.go:23.41,25.13 1 8
github.com/loykin/freader/internal/watcher/config.go:26.35,27.29 1 3
github.com/loykin/freader/internal/watcher/config.go:27.29,29.4 1 1
github.com/loykin/freader/internal/watcher/config.go:30.3,30.13 1 2
github.com/loykin/freader/internal/watcher/config.go:31.44,32.29 1 2
github.com/loykin/freader/internal/watcher/config.go:32.29,34.4 1 0
github.com/loykin/freader/internal/watcher/config.go:35.3,35.35 1 2
github.com/loykin/freader/internal/watcher/config.go:35.35,37.4 1 1
github.com/loykin/freader/internal/watcher/config.go:38.3,38.13 1 1
github.com/loykin/freader/internal/watcher/config.go:39.10,40.82 1 1
github.com/loykin/freader/internal/watcher/config.go:44.29,50.2 1 1
github.com/loykin/freader/internal/watcher/util.go:9.34,11.16 2 63
github.com/loykin/freader/internal/watcher/util.go:11.16,13.3 1 4
github.com/loykin/freader/internal/watcher/util.go:14.2,14.52 1 59
github.com/loykin/freader/internal/watcher/util.go:25.44,26.19 1 45
github.com/loykin/freader/internal/watcher/util.go:26.19,28.3 1 1
github.com/loykin/freader/internal/watcher/util.go:29.2,31.40 2 44
github.com/loykin/freader/internal/watcher/util.go:31.40,33.3 1 1
github.com/loykin/freader/internal/watcher/util.go:35.2,36.6 2 43
github.com/loykin/freader/internal/watcher/util.go:36.6,38.30 2 87
github.com/loykin/freader/internal/watcher/util.go:38.30,39.9 1 37
github.com/loykin/freader/internal/watcher/util.go:41.3,41.17 1 50
github.com/loykin/freader/internal/watcher/util.go:41.17,43.12 2 0
github.com/loykin/freader/internal/watcher/util.go:45.3,45.20 1 50
github.com/loykin/freader/internal/watcher/util.go:45.20,47.12 2 44
github.com/loykin/freader/internal/watcher/util.go:50.3,50.11 1 6
github.com/loykin/freader/internal/watcher/util.go:52.2,52.13 1 37
github.com/loykin/freader/internal/watcher/util.go:52.13,54.3 1 37
github.com/loykin/freader/internal/watcher/util.go:55.2,55.10 1 0
github.com/loykin/freader/internal/watcher/util.go:67.50,69.23 2 65
github.com/loykin/freader/internal/watcher/util.go:69.23,71.32 2 64
github.com/loykin/freader/internal/watcher/util.go:71.32,74.18 3 107
github.com/loykin/freader/internal/watcher/util.go:74.18,76.5 1 40
github.com/loykin/freader/internal/watcher/util.go:76.10,77.42 1 67
github.com/loykin/freader/internal/watcher/util.go:77.42,78.20 1 58
github.com/loykin/freader/internal/watcher/util.go:78.20,80.7 1 56
github.com/loykin/freader/internal/watcher/util.go:80.12,82.20 2 2
github.com/loykin/freader/internal/watcher/util.go:82.20,84.8 1 0
github.com/loykin/freader/internal/watcher/util.go:84.13,86.8 1 2
github.com/loykin/freader/internal/watcher/util.go:88.11,90.29 2 9
github.com/loykin/freader/internal/watcher/util.go:90.29,92.7 1 0
github.com/loykin/freader/internal/watcher/util.go:92.12,94.7 1 9
github.com/loykin/freader/internal/watcher/util.go:97.4,97.18 1 107
github.com/loykin/freader/internal/watcher/util.go:97.18,98.13 1 0
github.com/loykin/freader/internal/watcher/util.go:100.4,101.33 2 107
github.com/loykin/freader/internal/watcher/util.go:101.33,104.5 2 91
github.com/loykin/freader/internal/watcher/util.go:107.2,107.21 1 65
github.com/loykin/freader/internal/watcher/util.go:107.21,109.3 1 1
github.com/loykin/freader/internal/watcher/util.go:110.2,110.14 1 65
github.com/loykin/freader/internal/watcher/util.go:113.29,115.2 1 753
github.com/loykin/freader/internal/watcher/watcher.go:33.102,37.34 2 15
github.com/loykin/freader/internal/watcher/watcher.go:37.34,39.35 2 20
github.com/loykin/freader/internal/watcher/watcher.go:39.35,40.14 1 31
github.com/loykin/freader/internal/watcher/watcher.go:40.14,41.13 1 19
github.com/loykin/freader/internal/watcher/watcher.go:43.4,44.30 2 12
github.com/loykin/freader/internal/watcher/watcher.go:44.30,46.5 1 1
github.com/loykin/freader/internal/watcher/watcher.go:51.2,51.42 1 14
github.com/loykin/freader/internal/watcher/watcher.go:51.42,53.3 1 3
github.com/loykin/freader/internal/watcher/watcher.go:55.2,66.8 1 11
github.com/loykin/freader/internal/watcher/watcher.go:69.27,72.12 2 6
github.com/loykin/freader/internal/watcher/watcher.go:72.12,78.7 3 6
github.com/loykin/freader/internal/watcher/watcher.go:78.7,79.11 1 43
github.com/loykin/freader/internal/watcher/watcher.go:80.20,81.11 1 6
github.com/loykin/freader/internal/watcher/watcher.go:82.20,83.13 1 37
github.com/loykin/freader/internal/watcher/watcher.go:89.26,91.2 1 6
github.com/loykin/freader/internal/watcher/watcher.go:93.26,98.36 3 43
github.com/loykin/freader/internal/watcher/watcher.go:98.36,100.18 2 65
github.com/loykin/freader/internal/watcher/watcher.go:100.18,102.9 2 22
github.com/loykin/freader/internal/watcher/watcher.go:104.3,104.41 1 43
github.com/loykin/freader/internal/watcher/watcher.go:104.41,107.9 2 0
github.com/loykin/freader/internal/watcher/watcher.go:108.9,108.25 1 43
github.com/loykin/freader/internal/watcher/watcher.go:108.25,110.9 2 0
github.com/loykin/freader/internal/watcher/watcher.go:115.2,117.29 2 43
github.com/loykin/freader/internal/watcher/watcher.go:117.29,118.80 1 65
github.com/loykin/freader/internal/watcher/watcher.go:118.80,119.18 1 311
github.com/loykin/freader/internal/watcher/watcher.go:119.18,122.5 2 2
github.com/loykin/freader/internal/watcher/watcher.go:124.4,124.35 1 309
github.com/loykin/freader/internal/watcher/watcher.go:124.35,126.5 1 65
github.com/loykin/freader/internal/watcher/watcher.go:129.4,129.26 1 244
github.com/loykin/freader/internal/watcher/watcher.go:129.26,132.39 3 244
github.com/loykin/freader/internal/watcher/watcher.go:132.39,135.28 2 527
github.com/loykin/freader/internal/watcher/watcher.go:135.28,136.135 1 244
github.com/loykin/freader/internal/watcher/watcher.go:136.135,138.24 1 239
github.com/loykin/freader/internal/watcher/watcher.go:138.24,139.83 1 48
github.com/loykin/freader/internal/watcher/watcher.go:139.83,141.15 2 48
github.com/loykin/freader/internal/watcher/watcher.go:144.13,146.73 1 5
github.com/loykin/freader/internal/watcher/watcher.go:146.73,148.14 2 0
github.com/loykin/freader/internal/watcher/watcher.go:151.7,151.15 1 196
github.com/loykin/freader/internal/watcher/watcher.go:154.6,154.53 1 283
github.com/loykin/freader/internal/watcher/watcher.go:154.53,156.12 2 31
github.com/loykin/freader/internal/watcher/watcher.go:158.6,158.50 1 252
github.com/loykin/freader/internal/watcher/watcher.go:158.50,160.12 2 0
github.com/loykin/freader/internal/watcher/watcher.go:163.5,163.17 1 244
github.com/loykin/freader/internal/watcher/watcher.go:163.17,165.6 1 165
github.com/loykin/freader/internal/watcher/watcher.go:168.4,168.26 1 79
github.com/loykin/freader/internal/watcher/watcher.go:168.26,170.39 2 64
github.com/loykin/freader/internal/watcher/watcher.go:170.39,171.52 1 64
github.com/loykin/freader/internal/watcher/watcher.go:171.52,173.7 1 11
github.com/loykin/freader/internal/watcher/watcher.go:174.6,174.49 1 53
github.com/loykin/freader/internal/watcher/watcher.go:174.49,176.7 1 0
github.com/loykin/freader/internal/watcher/watcher.go:182.4,182.24 1 68
github.com/loykin/freader/internal/watcher/watcher.go:182.24,184.5 1 0
github.com/loykin/freader/internal/watcher/watcher.go:186.4,187.33 2 68
github.com/loykin/freader/internal/watcher/watcher.go:188.37,190.45 2 2
github.com/loykin/freader/internal/watcher/watcher.go:190.45,192.6 1 0
github.com/loykin/freader/internal/watcher/watcher.go:192.11,192.26 1 2
github.com/loykin/freader/internal/watcher/watcher.go:192.26,195.6 2 0
github.com/loykin/freader/internal/watcher/watcher.go:196.46,198.48 2 2
github.com/loykin/freader/internal/watcher/watcher.go:198.48,200.6 1 0
github.com/loykin/freader/internal/watcher/watcher.go:200.11,200.26 1 2
github.com/loykin/freader/internal/watcher/watcher.go:200.26,203.6 2 1
github.com/loykin/freader/internal/watcher/watcher.go:204.43,206.19 2 64
github.com/loykin/freader/internal/watcher/watcher.go:206.19,209.6 2 0
github.com/loykin/freader/internal/watcher/watcher.go:210.12,211.84 1 0
github.com/loykin/freader/internal/watcher/watcher.go:214.4,217.22 3 67
github.com/loykin/freader/internal/watcher/watcher.go:217.22,220.5 2 8
github.com/loykin/freader/internal/watcher/watcher.go:222.4,222.14 1 67
github.com/loykin/freader/internal/watcher/watcher.go:224.3,224.17 1 65
github.com/loykin/freader/internal/watcher/watcher.go:224.17,226.12 2 0
github.com/loykin/freader/internal/watcher/watcher.go:230.2,230.50 1 43
github.com/loykin/freader/internal/watcher/watcher.go:230.50,231.29 1 70
github.com/loykin/freader/internal/watcher/watcher.go:231.29,232.31 1 3
github.com/loykin/freader/internal/watcher/watcher.go:232.31,234.5 1 3
github.com/loykin/freader/internal/watcher/watcher.go:235.4,235.32 1 3
github.com/loykin/freader/internal/tailer/multline_reader.go:37.44,38.26 1 51
github.com/loykin/freader/internal/tailer/multline_reader.go:38.26,40.3 1 0
github.com/loykin/freader/internal/tailer/multline_reader.go:41.2,41.30 1 51
github.com/loykin/freader/internal/tailer/multline_reader.go:41.30,43.3 1 0
github.com/loykin/freader/internal/tailer/multline_reader.go:44.2,44.20 1 51
github.com/loykin/freader/internal/tailer/multline_reader.go:44.20,46.3 1 0
github.com/loykin/freader/internal/tailer/multline_reader.go:47.2,47.12 1 51
github.com/loykin/freader/internal/tailer/multline_reader.go:50.40,51.37 1 51
github.com/loykin/freader/internal/tailer/multline_reader.go:51.37,53.3 1 0
github.com/loykin/freader/internal/tailer/multline_reader.go:54.2,54.45 1 51
github.com/loykin/freader/internal/tailer/multline_reader.go:54.45,56.17 2 11
github.com/loykin/freader/internal/tailer/multline_reader.go:56.17,58.4 1 0
github.com/loykin/freader/internal/tailer/multline_reader.go:59.3,59.12 1 11
github.com/loykin/freader/internal/tailer/multline_reader.go:61.2,61.46 1 51
github.com/loykin/freader/internal/tailer/multline_reader.go:61.46,63.17 2 11
github.com/loykin/freader/internal/tailer/multline_reader.go:63.17,65.4 1 0
github.com/loykin/freader/internal/tailer/multline_reader.go:66.3,66.18 1 11
github.com/loykin/freader/internal/tailer/multline_reader.go:68.2,69.12 2 51
github.com/loykin/freader/internal/tailer/multline_reader.go:74.35,77.15 3 51
github.com/loykin/freader/internal/tailer/multline_reader.go:77.15,79.3 1 40
github.com/loykin/freader/internal/tailer/multline_reader.go:80.2,83.12 4 11
github.com/loykin/freader/internal/tailer/multline_reader.go:83.12,86.20 2 11
github.com/loykin/freader/internal/tailer/multline_reader.go:86.20,88.4 1 0
github.com/loykin/freader/internal/tailer/multline_reader.go:89.3,91.7 3 11
github.com/loykin/freader/internal/tailer/multline_reader.go:91.7,92.11 1 377
github.com/loykin/freader/internal/tailer/multline_reader.go:93.20,94.11 1 1
github.com/loykin/freader/internal/tailer/multline_reader.go:95.20,97.78 2 366
github.com/loykin/freader/internal/tailer/multline_reader.go:97.78,103.24 4 2
github.com/loykin/freader/internal/tailer/multline_reader.go:103.24,104.14 1 2
github.com/loykin/freader/internal/tailer/multline_reader.go:105.27,105.27 0 2
github.com/loykin/freader/internal/tailer/multline_reader.go:106.15,106.15 0 0
github.com/loykin/freader/internal/tailer/multline_reader.go:110.5,110.18 1 366
github.com/loykin/freader/internal/tailer/multline_reader.go:117.48,123.2 5 1
github.com/loykin/freader/internal/tailer/multline_reader.go:126.35,128.35 2 1
github.com/loykin/freader/internal/tailer/multline_reader.go:128.35,131.3 2 0
github.com/loykin/freader/internal/tailer/multline_reader.go:132.2,134.15 3 1
github.com/loykin/freader/internal/tailer/multline_reader.go:139.49,140.33 1 50
github.com/loykin/freader/internal/tailer/multline_reader.go:140.33,142.3 1 0
github.com/loykin/freader/internal/tailer/multline_reader.go:143.2,147.21 4 50
github.com/loykin/freader/internal/tailer/multline_reader.go:147.21,148.23 1 14
github.com/loykin/freader/internal/tailer/multline_reader.go:148.23,149.29 1 14
github.com/loykin/freader/internal/tailer/multline_reader.go:149.29,153.5 3 11
github.com/loykin/freader/internal/tailer/multline_reader.go:155.4,157.22 3 3
github.com/loykin/freader/internal/tailer/multline_reader.go:157.22,158.12 1 3
github.com/loykin/freader/internal/tailer/multline_reader.go:159.25,159.25 0 3
github.com/loykin/freader/internal/tailer/multline_reader.go:160.13,160.13 0 0
github.com/loykin/freader/internal/tailer/multline_reader.go:163.4,163.14 1 3
github.com/loykin/freader/internal/tailer/multline_reader.go:166.3,168.13 3 0
github.com/loykin/freader/internal/tailer/multline_reader.go:171.2,172.17 2 36
github.com/loykin/freader/internal/tailer/multline_reader.go:172.17,174.3 1 36
github.com/loykin/freader/internal/tailer/multline_reader.go:176.2,176.16 1 36
github.com/loykin/freader/internal/tailer/multline_reader.go:177.39,180.14 1 3
github.com/loykin/freader/internal/tailer/multline_reader.go:180.14,184.4 3 2
github.com/loykin/freader/internal/tailer/multline_reader.go:185.3,187.13 3 1
github.com/loykin/freader/internal/tailer/multline_reader.go:189.42,191.14 1 26
github.com/loykin/freader/internal/tailer/multline_reader.go:191.14,195.4 3 20
github.com/loykin/freader/internal/tailer/multline_reader.go:196.3,197.23 2 6
github.com/loykin/freader/internal/tailer/multline_reader.go:197.23,198.29 1 6
github.com/loykin/freader/internal/tailer/multline_reader.go:198.29,202.5 3 6
github.com/loykin/freader/internal/tailer/multline_reader.go:204.4,206.22 3 0
github.com/loykin/freader/internal/tailer/multline_reader.go:206.22,207.12 1 0
github.com/loykin/freader/internal/tailer/multline_reader.go:208.25,208.25 0 0
github.com/loykin/freader/internal/tailer/multline_reader.go:209.13,209.13 0 0
github.com/loykin/freader/internal/tailer/multline_reader.go:212.4,212.14 1 0
github.com/loykin/freader/internal/tailer/multline_reader.go:214.3,216.13 3 0
github.com/loykin/freader/internal/tailer/multline_reader.go:218.37,220.14 1 4
github.com/loykin/freader/internal/tailer/multline_reader.go:220.14,222.24 2 1
github.com/loykin/freader/internal/tailer/multline_reader.go:222.24,223.30 1 1
github.com/loykin/freader/internal/tailer/multline_reader.go:223.30,227.6 3 1
github.com/loykin/freader/internal/tailer/multline_reader.go:229.5,231.23 3 0
github.com/loykin/freader/internal/tailer/multline_reader.go:231.23,232.13 1 0
github.com/loykin/freader/internal/tailer/multline_reader.go:233.26,233.26 0 0
github.com/loykin/freader/internal/tailer/multline_reader.go:234.14,234.14 0 0
github.com/loykin/freader/internal/tailer/multline_reader.go:237.5,237.15 1 0
github.com/loykin/freader/internal/tailer/multline_reader.go:239.4,241.14 3 0
github.com/loykin/freader/internal/tailer/multline_reader.go:243.3,245.13 3 3
github.com/loykin/freader/internal/tailer/multline_reader.go:247.35,249.14 1 3
github.com/loykin/freader/internal/tailer/multline_reader.go:249.14,253.4 3 1
github.com/loykin/freader/internal/tailer/multline_reader.go:254.3,256.13 3 2
github.com/loykin/freader/internal/tailer/multline_reader.go:257.10,262.13 4 0
github.com/loykin/freader/internal/tailer/multline_reader.go:267.50,270.23 3 79
github.com/loykin/freader/internal/tailer/multline_reader.go:270.23,272.3 1 60
github.com/loykin/freader/internal/tailer/multline_reader.go:273.2,275.17 3 19
github.com/loykin/freader/internal/tailer/multline_reader.go:279.35,282.20 3 8
github.com/loykin/freader/internal/tailer/multline_reader.go:282.20,284.3 1 6
github.com/loykin/freader/internal/tailer/multline_reader.go:287.51,288.21 1 15
github.com/loykin/freader/internal/tailer/multline_reader.go:288.21,290.3 1 0
github.com/loykin/freader/internal/tailer/multline_reader.go:291.2,294.20 4 15
github.com/loykin/freader/internal/tailer/multline_reader.go:294.20,295.10 1 15
github.com/loykin/freader/internal/tailer/multline_reader.go:296.23,296.23 0 15
github.com/loykin/freader/internal/tailer/multline_reader.go:297.11,297.11 0 0
github.com/loykin/freader/internal/tailer/multline_reader.go:302.44,303.19 1 29
github.com/loykin/freader/internal/tailer/multline_reader.go:303.19,305.3 1 0
github.com/loykin/freader/internal/tailer/multline_reader.go:307.2,308.29 2 29
github.com/loykin/freader/internal/tailer/tail_reader.go:33.35,34.19 1 17
github.com/loykin/freader/internal/tailer/tail_reader.go:34.19,36.3 1 0
github.com/loykin/freader/internal/tailer/tail_reader.go:38.2,39.21 2 17
github.com/loykin/freader/internal/tailer/tail_reader.go:39.21,41.3 1 0
github.com/loykin/freader/internal/tailer/tail_reader.go:43.2,44.16 2 17
github.com/loykin/freader/internal/tailer/tail_reader.go:44.16,46.3 1 0
github.com/loykin/freader/internal/tailer/tail_reader.go:48.2,49.38 2 17
github.com/loykin/freader/internal/tailer/tail_reader.go:50.43,52.17 2 2
github.com/loykin/freader/internal/tailer/tail_reader.go:52.17,54.4 1 0
github.com/loykin/freader/internal/tailer/tail_reader.go:55.52,57.17 2 0
github.com/loykin/freader/internal/tailer/tail_reader.go:57.17,59.4 1 0
github.com/loykin/freader/internal/tailer/tail_reader.go:60.49,62.17 2 15
github.com/loykin/freader/internal/tailer/tail_reader.go:62.17,64.4 1 0
github.com/loykin/freader/internal/tailer/tail_reader.go:66.3,67.17 2 15
github.com/loykin/freader/internal/tailer/tail_reader.go:67.17,69.4 1 0
github.com/loykin/freader/internal/tailer/tail_reader.go:70.10,71.89 1 0
github.com/loykin/freader/internal/tailer/tail_reader.go:74.2,74.24 1 17
github.com/loykin/freader/internal/tailer/tail_reader.go:74.24,79.3 3 1
github.com/loykin/freader/internal/tailer/tail_reader.go:81.2,82.16 2 16
github.com/loykin/freader/internal/tailer/tail_reader.go:82.16,85.3 2 0
github.com/loykin/freader/internal/tailer/tail_reader.go:87.2,90.12 3 16
github.com/loykin/freader/internal/tailer/tail_reader.go:93.54,95.19 2 1062
github.com/loykin/freader/internal/tailer/tail_reader.go:95.19,97.3 1 0
github.com/loykin/freader/internal/tailer/tail_reader.go:99.2,99.6 1 1062
github.com/loykin/freader/internal/tailer/tail_reader.go:99.6,101.47 1 2103
github.com/loykin/freader/internal/tailer/tail_reader.go:101.47,107.4 4 1041
github.com/loykin/freader/internal/tailer/tail_reader.go:109.3,111.17 3 1062
github.com/loykin/freader/internal/tailer/tail_reader.go:111.17,112.21 1 21
github.com/loykin/freader/internal/tailer/tail_reader.go:112.21,115.5 1 21
github.com/loykin/freader/internal/tailer/tail_reader.go:116.4,116.19 1 0
github.com/loykin/freader/internal/tailer/tail_reader.go:121.60,122.33 1 4
github.com/loykin/freader/internal/tailer/tail_reader.go:122.33,124.3 1 0
github.com/loykin/freader/internal/tailer/tail_reader.go:125.2,127.6 2 4
github.com/loykin/freader/internal/tailer/tail_reader.go:127.6,128.10 1 30
github.com/loykin/freader/internal/tailer/tail_reader.go:129.19,130.14 1 4
github.com/loykin/freader/internal/tailer/tail_reader.go:131.11,133.18 2 26
github.com/loykin/freader/internal/tailer/tail_reader.go:133.18,134.22 1 10
github.com/loykin/freader/internal/tailer/tail_reader.go:134.22,136.28 1 10
github.com/loykin/freader/internal/tailer/tail_reader.go:136.28,137.11 1 5
github.com/loykin/freader/internal/tailer/tail_reader.go:137.11,139.23 2 6
github.com/loykin/freader/internal/tailer/tail_reader.go:139.23,140.14 1 5
github.com/loykin/freader/internal/tailer/tail_reader.go:142.8,142.29 1 1
github.com/loykin/freader/internal/tailer/tail_reader.go:145.6,146.14 2 10
github.com/loykin/freader/internal/tailer/tail_reader.go:148.5,148.15 1 0
github.com/loykin/freader/internal/tailer/tail_reader.go:152.4,154.30 3 16
github.com/loykin/freader/internal/tailer/tail_reader.go:154.30,156.5 1 16
github.com/loykin/freader/internal/tailer/tail_reader.go:158.4,158.26 1 16
github.com/loykin/freader/internal/tailer/tail_reader.go:158.26,160.9 2 8
github.com/loykin/freader/internal/tailer/tail_reader.go:160.9,162.21 2 10
github.com/loykin/freader/internal/tailer/tail_reader.go:162.21,163.12 1 8
github.com/loykin/freader/internal/tailer/tail_reader.go:165.6,165.27 1 2
github.com/loykin/freader/internal/tailer/tail_reader.go:167.10,168.30 1 8
github.com/loykin/freader/internal/tailer/tail_reader.go:168.30,170.6 1 8
github.com/loykin/freader/internal/tailer/tail_reader.go:174.4,174.33 1 16
github.com/loykin/freader/internal/tailer/tail_reader.go:179.60,180.33 1 12
github.com/loykin/freader/internal/tailer/tail_reader.go:180.33,182.3 1 1
github.com/loykin/freader/internal/tailer/tail_reader.go:183.2,185.6 2 11
github.com/loykin/freader/internal/tailer/tail_reader.go:185.6,187.17 2 1036
github.com/loykin/freader/internal/tailer/tail_reader.go:187.17,188.21 1 11
github.com/loykin/freader/internal/tailer/tail_reader.go:188.21,192.27 1 11
github.com/loykin/freader/internal/tailer/tail_reader.go:192.27,194.24 2 2
github.com/loykin/freader/internal/tailer/tail_reader.go:194.24,201.7 4 1
github.com/loykin/freader/internal/tailer/tail_reader.go:202.6,203.10 2 2
github.com/loykin/freader/internal/tailer/tail_reader.go:203.10,205.22 2 4
github.com/loykin/freader/internal/tailer/tail_reader.go:205.22,206.13 1 2
github.com/loykin/freader/internal/tailer/tail_reader.go:208.7,208.28 1 2
github.com/loykin/freader/internal/tailer/tail_reader.go:211.5,211.15 1 11
github.com/loykin/freader/internal/tailer/tail_reader.go:213.4,213.14 1 0
github.com/loykin/freader/internal/tailer/tail_reader.go:217.3,219.29 3 1025
github.com/loykin/freader/internal/tailer/tail_reader.go:219.29,221.4 1 1025
github.com/loykin/freader/internal/tailer/tail_reader.go:223.3,223.25 1 1025
github.com/loykin/freader/internal/tailer/tail_reader.go:223.25,226.8 2 7
github.com/loykin/freader/internal/tailer/tail_reader.go:226.8,228.20 2 8
github.com/loykin/freader/internal/tailer/tail_reader.go:228.20,229.11 1 7
github.com/loykin/freader/internal/tailer/tail_reader.go:231.5,231.26 1 1
github.com/loykin/freader/internal/tailer/tail_reader.go:233.9,235.29 1 1018
github.com/loykin/freader/internal/tailer/tail_reader.go:235.29,237.5 1 1018
github.com/loykin/freader/internal/tailer/tail_reader.go:241.3,241.32 1 1025
github.com/loykin/freader/internal/tailer/tail_reader.go:245.49,253.12 6 4
github.com/loykin/freader/internal/tailer/tail_reader.go:253.12,255.46 2 4
github.com/loykin/freader/internal/tailer/tail_reader.go:255.46,258.4 2 0
github.com/loykin/freader/internal/tailer/tail_reader.go:262.29,265.40 2 4
github.com/loykin/freader/internal/tailer/tail_reader.go:265.40,268.3 2 0
github.com/loykin/freader/internal/tailer/tail_reader.go:269.2,274.9 4 4
github.com/loykin/freader/internal/tailer/tail_reader.go:275.19,275.19 0 0
github.com/loykin/freader/internal/tailer/tail_reader.go:277.10,278.19 1 4
github.com/loykin/freader/internal/tailer/tail_reader.go:282.2,284.20 2 4
github.com/loykin/freader/internal/tailer/tail_reader.go:284.20,286.3 1 4
github.com/loykin/freader/internal/tailer/tail_reader.go:289.32,290.19 1 16
github.com/loykin/freader/internal/tailer/tail_reader.go:290.19,293.3 2 16
github.com/loykin/freader/internal/tailer/tail_reader.go:294.2,295.13 2 16
github.com/loykin/freader/internal/tailer/tail_reader.go:298.30,300.2 1 0
github.com/loykin/freader/internal/collector/collector.go:30.30,41.6 8 26
github.com/loykin/freader/internal/collector/collector.go:41.6,42.10 1 120
github.com/loykin/freader/internal/collector/collector.go:43.19,44.10 1 2
github.com/loykin/freader/internal/collector/collector.go:45.11,46.30 1 118
github.com/loykin/freader/internal/collector/collector.go:46.30,47.12 1 100
github.com/loykin/freader/internal/collector/collector.go:48.21,49.12 1 24
github.com/loykin/freader/internal/collector/collector.go:50.41,52.19 2 76
github.com/loykin/freader/internal/collector/collector.go:55.4,58.11 3 94
github.com/loykin/freader/internal/collector/collector.go:58.11,59.13 1 5
github.com/loykin/freader/internal/collector/collector.go:62.4,62.47 1 89
github.com/loykin/freader/internal/collector/collector.go:62.47,65.28 3 156
github.com/loykin/freader/internal/collector/collector.go:65.28,67.6 1 156
github.com/loykin/freader/internal/collector/collector.go:69.5,71.15 3 156
github.com/loykin/freader/internal/collector/collector.go:73.4,73.26 1 89
github.com/loykin/freader/internal/collector/collector.go:73.26,75.5 1 0
github.com/loykin/freader/internal/collector/collector.go:75.10,75.25 1 89
github.com/loykin/freader/internal/collector/collector.go:75.25,78.5 2 0
github.com/loykin/freader/internal/collector/collector.go:78.10,78.25 1 89
github.com/loykin/freader/internal/collector/collector.go:78.25,83.48 2 89
github.com/loykin/freader/internal/collector/collector.go:83.48,85.25 2 19
github.com/loykin/freader/internal/collector/collector.go:85.25,86.121 1 19
github.com/loykin/freader/internal/collector/collector.go:86.121,88.8 1 0
github.com/loykin/freader/internal/collector/collector.go:88.13,90.8 1 19
github.com/loykin/freader/internal/collector/collector.go:95.4,95.40 1 89
github.com/loykin/freader/internal/collector/collector.go:100.51,107.22 2 27
github.com/loykin/freader/internal/collector/collector.go:107.22,110.17 3 9
github.com/loykin/freader/internal/collector/collector.go:110.17,112.4 1 0
github.com/loykin/freader/internal/collector/collector.go:115.2,120.45 3 27
github.com/loykin/freader/internal/collector/collector.go:120.45,123.3 1 9
github.com/loykin/freader/internal/collector/collector.go:125.2,139.25 11 27
github.com/loykin/freader/internal/collector/collector.go:139.25,144.25 2 29
github.com/loykin/freader/internal/collector/collector.go:144.25,147.19 2 9
github.com/loykin/freader/internal/collector/collector.go:147.19,149.6 1 0
github.com/loykin/freader/internal/collector/collector.go:149.11,149.21 1 9
github.com/loykin/freader/internal/collector/collector.go:149.21,159.6 4 4
github.com/loykin/freader/internal/collector/collector.go:162.4,173.28 5 29
github.com/loykin/freader/internal/collector/collector.go:175.19,182.47 3 2
github.com/loykin/freader/internal/collector/collector.go:182.47,183.76 1 1
github.com/loykin/freader/internal/collector/collector.go:183.76,185.6 1 0
github.com/loykin/freader/internal/collector/collector.go:185.11,187.6 1 1
github.com/loykin/freader/internal/collector/collector.go:190.2,190.16 1 27
github.com/loykin/freader/internal/collector/collector.go:190.16,192.3 1 2
github.com/loykin/freader/internal/collector/collector.go:194.2,194.15 1 25
github.com/loykin/freader/internal/collector/collector.go:197.29,199.27 1 25
github.com/loykin/freader/internal/collector/collector.go:199.27,200.42 1 25
github.com/loykin/freader/internal/collector/collector.go:200.42,203.4 2 26
github.com/loykin/freader/internal/collector/collector.go:207.2,207.19 1 25
github.com/loykin/freader/internal/collector/collector.go:210.28,221.23 4 25
github.com/loykin/freader/internal/collector/collector.go:221.23,222.44 1 9
github.com/loykin/freader/internal/collector/collector.go:222.44,224.4 1 0
github.com/loykin/freader/internal/collector/config.go:26.28,33.2 6 0
github.com/loykin/freader/internal/collector/config.go:35.42,38.2 2 0
github.com/loykin/freader/internal/collector/config.go:41.35,43.25 1 0
github.com/loykin/freader/internal/collector/config.go:43.26,47.3 0 0
github.com/loykin/freader/internal/collector/config.go:49.2,49.24 1 0
github.com/loykin/freader/internal/collector/config.go:49.24,50.48 1 0
github.com/loykin/freader/internal/collector/config.go:50.48,52.4 1 0
github.com/loykin/freader/internal/collector/config.go:55.2,65.22 2 0
github.com/loykin/freader/internal/collector/scheduler.go:19.40,25.2 1 34
github.com/loykin/freader/internal/collector/scheduler.go:27.43,31.41 3 5
github.com/loykin/freader/internal/collector/scheduler.go:31.41,36.23 4 4
github.com/loykin/freader/internal/collector/scheduler.go:36.23,38.23 2 2
github.com/loykin/freader/internal/collector/scheduler.go:38.23,40.5 1 2
github.com/loykin/freader/internal/collector/scheduler.go:45.40,50.2 3 102
github.com/loykin/freader/internal/collector/scheduler.go:52.82,56.13 3 135
github.com/loykin/freader/internal/collector/scheduler.go:56.13,57.39 1 135
github.com/loykin/freader/internal/collector/scheduler.go:57.39,60.4 2 0
github.com/loykin/freader/internal/collector/scheduler.go:63.2,66.21 3 135
github.com/loykin/freader/internal/collector/scheduler.go:66.21,68.3 1 29
github.com/loykin/freader/internal/collector/scheduler.go:71.44,75.30 3 145
github.com/loykin/freader/internal/collector/scheduler.go:75.30,77.3 1 144
github.com/loykin/freader/internal/collector/scheduler.go:80.71,84.28 3 151
github.com/loykin/freader/internal/collector/scheduler.go:84.28,86.3 1 5
github.com/loykin/freader/internal/collector/scheduler.go:88.2,89.6 2 146
github.com/loykin/freader/internal/collector/scheduler.go:89.6,90.22 1 146
github.com/loykin/freader/internal/collector/scheduler.go:90.22,92.4 1 50
github.com/loykin/freader/internal/collector/scheduler.go:94.3,94.62 1 146
github.com/loykin/freader/internal/collector/scheduler.go:94.62,95.74 1 146
github.com/loykin/freader/internal/collector/scheduler.go:95.74,99.5 3 145
github.com/loykin/freader/internal/collector/scheduler.go:102.3,104.30 2 1
github.com/loykin/freader/internal/collector/scheduler.go:104.30,105.9 1 1
github.com/loykin/freader/internal/collector/scheduler.go:109.2,109.19 1 1
